[uWSGI] getting INI configuration from bill102_uwsgi.ini
*** Starting uWSGI 2.0.18 (64bit) on [Wed Dec 25 19:14:45 2019] ***
compiled with version: 4.8.5 20150623 (Red Hat 4.8.5-39) on 08 December 2019 05:05:53
os: Linux-3.10.0-957.27.2.el7.x86_64 #1 SMP Mon Jul 29 17:46:05 UTC 2019
nodename: fushisanlang.cn
machine: x86_64
clock source: unix
pcre jit disabled
detected number of CPU cores: 1
current working directory: /home/python/flask/bill102
detected binary path: /usr/local/bin/uwsgi
your processes number limit is 7270
your memory page size is 4096 bytes
detected max file descriptor number: 1024
lock engine: pthread robust mutexes
thunder lock: disabled (you can enable it with --thunder-lock)
uWSGI http bound on 0.0.0.0:30002 fd 4
uwsgi socket 0 bound to TCP address 127.0.0.1:37519 (port auto-assigned) fd 3
Python version: 3.6.8 (default, Aug  7 2019, 17:28:10)  [GCC 4.8.5 20150623 (Red Hat 4.8.5-39)]
*** Python threads support is disabled. You can enable it with --enable-threads ***
Python main interpreter initialized at 0x1e674e0
your server socket listen backlog is limited to 100 connections
your mercy for graceful operations on workers is 60 seconds
mapped 145840 bytes (142 KB) for 1 cores
*** Operational MODE: single process ***
added /home/python/flask/bill102/ to pythonpath.
WSGI app 0 (mountpoint='') ready in 1 seconds on interpreter 0x1e674e0 pid: 32188 (default app)
mountpoint  already configured. skip.
*** uWSGI is running in multiple interpreter mode ***
spawned uWSGI master process (pid: 32188)
spawned uWSGI worker 1 (pid: 32191, cores: 1)
spawned uWSGI http 1 (pid: 32192)
[pid: 32191|app: 0|req: 1/1] 127.0.0.1 () {40 vars in 728 bytes} [Wed Dec 25 19:16:47 2019] GET / => generated 2816 bytes in 10 msecs (HTTP/1.0 200) 2 headers in 81 bytes (1 switches on core 0)
[pid: 32191|app: 0|req: 2/2] 127.0.0.1 () {40 vars in 684 bytes} [Wed Dec 25 19:16:47 2019] GET /favicon.ico => generated 232 bytes in 17 msecs (HTTP/1.0 404) 2 headers in 72 bytes (1 switches on core 0)
[pid: 32191|app: 0|req: 3/3] 127.0.0.1 () {34 vars in 610 bytes} [Wed Dec 25 19:17:25 2019] GET / => generated 2816 bytes in 0 msecs (HTTP/1.0 200) 2 headers in 81 bytes (1 switches on core 0)
[pid: 32191|app: 0|req: 4/4] 127.0.0.1 () {30 vars in 398 bytes} [Wed Dec 25 20:39:04 2019] GET / => generated 2816 bytes in 0 msecs (HTTP/1.0 200) 2 headers in 81 bytes (1 switches on core 0)
[pid: 32191|app: 0|req: 5/5] 127.0.0.1 () {30 vars in 398 bytes} [Wed Dec 25 20:41:55 2019] GET / => generated 2816 bytes in 0 msecs (HTTP/1.0 200) 2 headers in 81 bytes (1 switches on core 0)
[pid: 32191|app: 0|req: 6/6] 127.0.0.1 () {30 vars in 465 bytes} [Thu Dec 26 01:33:22 2019] GET / => generated 2816 bytes in 0 msecs (HTTP/1.0 200) 2 headers in 81 bytes (1 switches on core 0)
[pid: 32191|app: 0|req: 7/7] 127.0.0.1 () {36 vars in 840 bytes} [Thu Dec 26 11:01:17 2019] GET / => generated 2816 bytes in 0 msecs (HTTP/1.0 200) 2 headers in 81 bytes (1 switches on core 0)
[pid: 32191|app: 0|req: 8/8] 127.0.0.1 () {36 vars in 818 bytes} [Thu Dec 26 11:01:17 2019] GET /favicon.ico => generated 232 bytes in 0 msecs (HTTP/1.0 404) 2 headers in 72 bytes (1 switches on core 0)
INSERT INTO `bill_102` ( `date`, `mingxi`,`jine`, `user`) VALUES ('2019-12-26','牛肉丸',40,'lyt') ;
[pid: 32191|app: 0|req: 9/9] 127.0.0.1 () {46 vars in 1059 bytes} [Thu Dec 26 11:01:33 2019] POST /insertresult => generated 304 bytes in 69 msecs (HTTP/1.0 200) 2 headers in 80 bytes (1 switches on core 0)
[pid: 32191|app: 0|req: 10/10] 127.0.0.1 () {36 vars in 840 bytes} [Thu Dec 26 11:01:46 2019] GET / => generated 2816 bytes in 0 msecs (HTTP/1.0 200) 2 headers in 81 bytes (1 switches on core 0)
[pid: 32191|app: 0|req: 11/11] 127.0.0.1 () {36 vars in 818 bytes} [Thu Dec 26 11:01:46 2019] GET /favicon.ico => generated 232 bytes in 0 msecs (HTTP/1.0 404) 2 headers in 72 bytes (1 switches on core 0)
INSERT INTO `bill_102` ( `date`, `mingxi`,`jine`, `user`) VALUES ('2019-12-26','豆油',66,'zyj') ;
[pid: 32191|app: 0|req: 12/12] 127.0.0.1 () {46 vars in 1059 bytes} [Thu Dec 26 11:01:59 2019] POST /insertresult => generated 304 bytes in 22 msecs (HTTP/1.0 200) 2 headers in 80 bytes (1 switches on core 0)
[pid: 32191|app: 0|req: 13/13] 127.0.0.1 () {34 vars in 523 bytes} [Thu Dec 26 18:22:17 2019] GET / => generated 2816 bytes in 0 msecs (HTTP/1.0 200) 2 headers in 81 bytes (1 switches on core 0)
[pid: 32191|app: 0|req: 14/14] 127.0.0.1 () {32 vars in 482 bytes} [Thu Dec 26 23:16:43 2019] GET / => generated 2816 bytes in 0 msecs (HTTP/1.0 200) 2 headers in 81 bytes (1 switches on core 0)
[pid: 32191|app: 0|req: 15/15] 127.0.0.1 () {36 vars in 645 bytes} [Thu Dec 26 23:16:43 2019] GET / => generated 2816 bytes in 0 msecs (HTTP/1.0 200) 2 headers in 81 bytes (1 switches on core 0)
[pid: 32191|app: 0|req: 16/16] 127.0.0.1 () {32 vars in 447 bytes} [Fri Dec 27 10:44:59 2019] GET / => generated 2816 bytes in 0 msecs (HTTP/1.0 200) 2 headers in 81 bytes (1 switches on core 0)
[pid: 32191|app: 0|req: 17/17] 127.0.0.1 () {30 vars in 362 bytes} [Fri Dec 27 10:44:59 2019] GET /favicon.ico => generated 232 bytes in 0 msecs (HTTP/1.0 404) 2 headers in 72 bytes (1 switches on core 0)
[pid: 32191|app: 0|req: 18/18] 127.0.0.1 () {32 vars in 446 bytes} [Fri Dec 27 18:44:52 2019] GET / => generated 2816 bytes in 25 msecs (HTTP/1.0 200) 2 headers in 81 bytes (1 switches on core 0)
[pid: 32191|app: 0|req: 19/19] 127.0.0.1 () {30 vars in 362 bytes} [Fri Dec 27 18:44:52 2019] GET /favicon.ico => generated 232 bytes in 0 msecs (HTTP/1.0 404) 2 headers in 72 bytes (1 switches on core 0)
[pid: 32191|app: 0|req: 20/20] 127.0.0.1 () {32 vars in 447 bytes} [Sat Dec 28 10:44:51 2019] GET / => generated 2816 bytes in 0 msecs (HTTP/1.0 200) 2 headers in 81 bytes (1 switches on core 0)
[pid: 32191|app: 0|req: 21/21] 127.0.0.1 () {30 vars in 362 bytes} [Sat Dec 28 10:44:52 2019] GET /favicon.ico => generated 232 bytes in 0 msecs (HTTP/1.0 404) 2 headers in 72 bytes (1 switches on core 0)
[pid: 32191|app: 0|req: 22/22] 127.0.0.1 () {32 vars in 447 bytes} [Sun Dec 29 10:44:55 2019] GET / => generated 2816 bytes in 0 msecs (HTTP/1.0 200) 2 headers in 81 bytes (1 switches on core 0)
[pid: 32191|app: 0|req: 23/23] 127.0.0.1 () {30 vars in 362 bytes} [Sun Dec 29 10:44:55 2019] GET /favicon.ico => generated 232 bytes in 0 msecs (HTTP/1.0 404) 2 headers in 72 bytes (1 switches on core 0)
[pid: 32191|app: 0|req: 24/24] 127.0.0.1 () {42 vars in 753 bytes} [Sun Dec 29 21:54:32 2019] GET / => generated 2816 bytes in 0 msecs (HTTP/1.0 200) 2 headers in 81 bytes (1 switches on core 0)
[pid: 32191|app: 0|req: 25/25] 127.0.0.1 () {40 vars in 684 bytes} [Sun Dec 29 21:54:33 2019] GET /favicon.ico => generated 232 bytes in 0 msecs (HTTP/1.0 404) 2 headers in 72 bytes (1 switches on core 0)
[pid: 32191|app: 0|req: 26/26] 127.0.0.1 () {36 vars in 599 bytes} [Wed Jan  1 11:19:38 2020] GET / => generated 2816 bytes in 1 msecs (HTTP/1.0 200) 2 headers in 81 bytes (1 switches on core 0)
[pid: 32191|app: 0|req: 27/27] 127.0.0.1 () {30 vars in 398 bytes} [Wed Jan  1 13:00:40 2020] GET / => generated 2816 bytes in 0 msecs (HTTP/1.0 200) 2 headers in 81 bytes (1 switches on core 0)
[pid: 32191|app: 0|req: 28/28] 127.0.0.1 () {34 vars in 633 bytes} [Sun Jan  5 08:35:07 2020] GET / => generated 2816 bytes in 0 msecs (HTTP/1.0 200) 2 headers in 81 bytes (1 switches on core 0)
[pid: 32191|app: 0|req: 29/29] 127.0.0.1 () {30 vars in 398 bytes} [Sun Jan  5 09:48:03 2020] GET / => generated 2816 bytes in 0 msecs (HTTP/1.0 200) 2 headers in 81 bytes (1 switches on core 0)
[pid: 32191|app: 0|req: 30/30] 127.0.0.1 () {30 vars in 398 bytes} [Sun Jan  5 09:59:12 2020] GET / => generated 2816 bytes in 0 msecs (HTTP/1.0 200) 2 headers in 81 bytes (1 switches on core 0)
[pid: 32191|app: 0|req: 31/31] 127.0.0.1 () {28 vars in 363 bytes} [Tue Jan  7 06:01:37 2020] GET / => generated 2816 bytes in 0 msecs (HTTP/1.0 200) 2 headers in 81 bytes (1 switches on core 0)
gateway "uWSGI http 1" has been buried (pid: 32192)
...brutally killing workers...
worker 1 buried after 1 seconds
binary reloading uWSGI...
chdir() to /home/python/flask/bill102
closing all non-uwsgi socket fds > 2 (max_fd = 1024)...
found fd 3 mapped to socket 0 (127.0.0.1:37519)
running /usr/local/bin/uwsgi
[uWSGI] getting INI configuration from bill102_uwsgi.ini
*** Starting uWSGI 2.0.18 (64bit) on [Wed Jan  8 09:36:07 2020] ***
compiled with version: 4.8.5 20150623 (Red Hat 4.8.5-39) on 08 December 2019 05:05:53
os: Linux-3.10.0-957.27.2.el7.x86_64 #1 SMP Mon Jul 29 17:46:05 UTC 2019
nodename: fushisanlang.cn
machine: x86_64
clock source: unix
pcre jit disabled
detected number of CPU cores: 1
current working directory: /home/python/flask/bill102
detected binary path: /usr/local/bin/uwsgi
your processes number limit is 7270
your memory page size is 4096 bytes
detected max file descriptor number: 1024
lock engine: pthread robust mutexes
thunder lock: disabled (you can enable it with --thunder-lock)
uWSGI http bound on 0.0.0.0:30002 fd 5
uwsgi socket 0 bound to TCP address 127.0.0.1:37420 (port auto-assigned) fd 4
Python version: 3.6.8 (default, Aug  7 2019, 17:28:10)  [GCC 4.8.5 20150623 (Red Hat 4.8.5-39)]
*** Python threads support is disabled. You can enable it with --enable-threads ***
Python main interpreter initialized at 0x12df460
your server socket listen backlog is limited to 100 connections
your mercy for graceful operations on workers is 60 seconds
mapped 145840 bytes (142 KB) for 1 cores
*** Operational MODE: single process ***
added /home/python/flask/bill102/ to pythonpath.
WSGI app 0 (mountpoint='') ready in 0 seconds on interpreter 0x12df460 pid: 32188 (default app)
mountpoint  already configured. skip.
*** uWSGI is running in multiple interpreter mode ***
gracefully (RE)spawned uWSGI master process (pid: 32188)
spawned uWSGI worker 1 (pid: 13215, cores: 1)
spawned uWSGI http 1 (pid: 13216)
Wed Jan  8 09:36:16 2020 - uWSGI worker 1 screams: UAAAAAAH my master disconnected: i will kill myself !!!
[uWSGI] getting INI configuration from bill102_uwsgi.ini
*** Starting uWSGI 2.0.18 (64bit) on [Sun Jan 19 13:50:28 2020] ***
compiled with version: 4.8.5 20150623 (Red Hat 4.8.5-39) on 08 December 2019 05:05:53
os: Linux-3.10.0-957.27.2.el7.x86_64 #1 SMP Mon Jul 29 17:46:05 UTC 2019
nodename: fushisanlang.cn
machine: x86_64
clock source: unix
pcre jit disabled
detected number of CPU cores: 1
current working directory: /home/python/flask/bill102
detected binary path: /usr/local/bin/uwsgi
your processes number limit is 7270
your memory page size is 4096 bytes
detected max file descriptor number: 1024
lock engine: pthread robust mutexes
thunder lock: disabled (you can enable it with --thunder-lock)
uWSGI http bound on 0.0.0.0:30002 fd 4
uwsgi socket 0 bound to TCP address 127.0.0.1:37717 (port auto-assigned) fd 3
Python version: 3.6.8 (default, Aug  7 2019, 17:28:10)  [GCC 4.8.5 20150623 (Red Hat 4.8.5-39)]
*** Python threads support is disabled. You can enable it with --enable-threads ***
Python main interpreter initialized at 0x15774e0
your server socket listen backlog is limited to 100 connections
your mercy for graceful operations on workers is 60 seconds
mapped 145840 bytes (142 KB) for 1 cores
*** Operational MODE: single process ***
added /home/python/flask/bill102/ to pythonpath.
  File "/home/python/flask/bill102/app.py", line 10
    return render_template('index.html', user_ip=ip)
    ^
IndentationError: unexpected indent
unable to load app 0 (mountpoint='') (callable not found or import error)
  File "/home/python/flask/bill102/app.py", line 10
    return render_template('index.html', user_ip=ip)
    ^
IndentationError: unexpected indent
failed to parse file /home/python/flask/bill102/app.py
unable to load app 0 (mountpoint='') (callable not found or import error)
*** no app loaded. going in full dynamic mode ***
*** uWSGI is running in multiple interpreter mode ***
spawned uWSGI master process (pid: 13136)
spawned uWSGI worker 1 (pid: 13143, cores: 1)
spawned uWSGI http 1 (pid: 13144)
Sun Jan 19 13:52:55 2020 - *** /home/python/flask/bill102 has been touched... grace them all !!! ***
gateway "uWSGI http 1" has been buried (pid: 13144)
...gracefully killing workers...
Gracefully killing worker 1 (pid: 13143)...
worker 1 buried after 1 seconds
binary reloading uWSGI...
chdir() to /home/python/flask/bill102
closing all non-uwsgi socket fds > 2 (max_fd = 1024)...
found fd 3 mapped to socket 0 (127.0.0.1:37717)
running /usr/local/bin/uwsgi
[uWSGI] getting INI configuration from bill102_uwsgi.ini
*** Starting uWSGI 2.0.18 (64bit) on [Sun Jan 19 13:52:56 2020] ***
compiled with version: 4.8.5 20150623 (Red Hat 4.8.5-39) on 08 December 2019 05:05:53
os: Linux-3.10.0-957.27.2.el7.x86_64 #1 SMP Mon Jul 29 17:46:05 UTC 2019
nodename: fushisanlang.cn
machine: x86_64
clock source: unix
pcre jit disabled
detected number of CPU cores: 1
current working directory: /home/python/flask/bill102
detected binary path: /usr/local/bin/uwsgi
your processes number limit is 7270
your memory page size is 4096 bytes
detected max file descriptor number: 1024
lock engine: pthread robust mutexes
thunder lock: disabled (you can enable it with --thunder-lock)
uWSGI http bound on 0.0.0.0:30002 fd 5
uwsgi socket 0 bound to TCP address 127.0.0.1:34389 (port auto-assigned) fd 4
Python version: 3.6.8 (default, Aug  7 2019, 17:28:10)  [GCC 4.8.5 20150623 (Red Hat 4.8.5-39)]
*** Python threads support is disabled. You can enable it with --enable-threads ***
Python main interpreter initialized at 0x1486460
your server socket listen backlog is limited to 100 connections
your mercy for graceful operations on workers is 60 seconds
mapped 145840 bytes (142 KB) for 1 cores
*** Operational MODE: single process ***
added /home/python/flask/bill102/ to pythonpath.
  File "/home/python/flask/bill102/app.py", line 10
    return render_template('index.html', user_ip=ip)
    ^
IndentationError: unexpected indent
unable to load app 0 (mountpoint='') (callable not found or import error)
  File "/home/python/flask/bill102/app.py", line 10
    return render_template('index.html', user_ip=ip)
    ^
IndentationError: unexpected indent
failed to parse file /home/python/flask/bill102/app.py
unable to load app 0 (mountpoint='') (callable not found or import error)
*** no app loaded. going in full dynamic mode ***
*** uWSGI is running in multiple interpreter mode ***
gracefully (RE)spawned uWSGI master process (pid: 13136)
spawned uWSGI worker 1 (pid: 13287, cores: 1)
spawned uWSGI http 1 (pid: 13288)
Sun Jan 19 13:52:57 2020 - *** /home/python/flask/bill102 has been touched... grace them all !!! ***
gateway "uWSGI http 1" has been buried (pid: 13288)
...gracefully killing workers...
Gracefully killing worker 1 (pid: 13287)...
worker 1 buried after 1 seconds
binary reloading uWSGI...
chdir() to /home/python/flask/bill102
closing all non-uwsgi socket fds > 2 (max_fd = 1024)...
found fd 4 mapped to socket 0 (127.0.0.1:34389)
running /usr/local/bin/uwsgi
[uWSGI] getting INI configuration from bill102_uwsgi.ini
*** Starting uWSGI 2.0.18 (64bit) on [Sun Jan 19 13:52:58 2020] ***
compiled with version: 4.8.5 20150623 (Red Hat 4.8.5-39) on 08 December 2019 05:05:53
os: Linux-3.10.0-957.27.2.el7.x86_64 #1 SMP Mon Jul 29 17:46:05 UTC 2019
nodename: fushisanlang.cn
machine: x86_64
clock source: unix
pcre jit disabled
detected number of CPU cores: 1
current working directory: /home/python/flask/bill102
detected binary path: /usr/local/bin/uwsgi
your processes number limit is 7270
your memory page size is 4096 bytes
detected max file descriptor number: 1024
lock engine: pthread robust mutexes
thunder lock: disabled (you can enable it with --thunder-lock)
uWSGI http bound on 0.0.0.0:30002 fd 5
uwsgi socket 0 bound to TCP address 127.0.0.1:43456 (port auto-assigned) fd 3
Python version: 3.6.8 (default, Aug  7 2019, 17:28:10)  [GCC 4.8.5 20150623 (Red Hat 4.8.5-39)]
*** Python threads support is disabled. You can enable it with --enable-threads ***
Python main interpreter initialized at 0x23ff460
your server socket listen backlog is limited to 100 connections
your mercy for graceful operations on workers is 60 seconds
mapped 145840 bytes (142 KB) for 1 cores
*** Operational MODE: single process ***
added /home/python/flask/bill102/ to pythonpath.
  File "/home/python/flask/bill102/app.py", line 10
    return render_template('index.html', user_ip=ip)
    ^
IndentationError: unexpected indent
unable to load app 0 (mountpoint='') (callable not found or import error)
  File "/home/python/flask/bill102/app.py", line 10
    return render_template('index.html', user_ip=ip)
    ^
IndentationError: unexpected indent
failed to parse file /home/python/flask/bill102/app.py
unable to load app 0 (mountpoint='') (callable not found or import error)
*** no app loaded. going in full dynamic mode ***
*** uWSGI is running in multiple interpreter mode ***
gracefully (RE)spawned uWSGI master process (pid: 13136)
spawned uWSGI worker 1 (pid: 13291, cores: 1)
spawned uWSGI http 1 (pid: 13292)
--- no python application found, check your startup logs for errors ---
[pid: 13291|app: -1|req: -1/1] 127.0.0.1 () {44 vars in 778 bytes} [Sun Jan 19 13:53:33 2020] GET / => generated 21 bytes in 0 msecs (HTTP/1.0 500) 2 headers in 83 bytes (0 switches on core 0)
--- no python application found, check your startup logs for errors ---
[pid: 13291|app: -1|req: -1/2] 127.0.0.1 () {40 vars in 682 bytes} [Sun Jan 19 13:53:33 2020] GET /favicon.ico => generated 21 bytes in 0 msecs (HTTP/1.0 500) 2 headers in 83 bytes (0 switches on core 0)
--- no python application found, check your startup logs for errors ---
[pid: 13291|app: -1|req: -1/3] 127.0.0.1 () {44 vars in 785 bytes} [Sun Jan 19 13:53:35 2020] GET / => generated 21 bytes in 0 msecs (HTTP/1.0 500) 2 headers in 83 bytes (0 switches on core 0)
--- no python application found, check your startup logs for errors ---
[pid: 13291|app: -1|req: -1/4] 127.0.0.1 () {44 vars in 735 bytes} [Sun Jan 19 13:53:35 2020] GET /favicon.ico => generated 21 bytes in 0 msecs (HTTP/1.0 500) 2 headers in 83 bytes (0 switches on core 0)
--- no python application found, check your startup logs for errors ---
[pid: 13291|app: -1|req: -1/5] 127.0.0.1 () {44 vars in 785 bytes} [Sun Jan 19 13:53:36 2020] GET / => generated 21 bytes in 0 msecs (HTTP/1.0 500) 2 headers in 83 bytes (0 switches on core 0)
--- no python application found, check your startup logs for errors ---
[pid: 13291|app: -1|req: -1/6] 127.0.0.1 () {44 vars in 735 bytes} [Sun Jan 19 13:53:36 2020] GET /favicon.ico => generated 21 bytes in 0 msecs (HTTP/1.0 500) 2 headers in 83 bytes (0 switches on core 0)
Sun Jan 19 13:53:51 2020 - *** /home/python/flask/bill102 has been touched... grace them all !!! ***
gateway "uWSGI http 1" has been buried (pid: 13292)
...gracefully killing workers...
Gracefully killing worker 1 (pid: 13291)...
worker 1 buried after 1 seconds
binary reloading uWSGI...
chdir() to /home/python/flask/bill102
closing all non-uwsgi socket fds > 2 (max_fd = 1024)...
found fd 3 mapped to socket 0 (127.0.0.1:43456)
running /usr/local/bin/uwsgi
[uWSGI] getting INI configuration from bill102_uwsgi.ini
*** Starting uWSGI 2.0.18 (64bit) on [Sun Jan 19 13:53:52 2020] ***
compiled with version: 4.8.5 20150623 (Red Hat 4.8.5-39) on 08 December 2019 05:05:53
os: Linux-3.10.0-957.27.2.el7.x86_64 #1 SMP Mon Jul 29 17:46:05 UTC 2019
nodename: fushisanlang.cn
machine: x86_64
clock source: unix
pcre jit disabled
detected number of CPU cores: 1
current working directory: /home/python/flask/bill102
detected binary path: /usr/local/bin/uwsgi
your processes number limit is 7270
your memory page size is 4096 bytes
detected max file descriptor number: 1024
lock engine: pthread robust mutexes
thunder lock: disabled (you can enable it with --thunder-lock)
uWSGI http bound on 0.0.0.0:30002 fd 5
uwsgi socket 0 bound to TCP address 127.0.0.1:41605 (port auto-assigned) fd 4
Python version: 3.6.8 (default, Aug  7 2019, 17:28:10)  [GCC 4.8.5 20150623 (Red Hat 4.8.5-39)]
*** Python threads support is disabled. You can enable it with --enable-threads ***
Python main interpreter initialized at 0xce0460
your server socket listen backlog is limited to 100 connections
your mercy for graceful operations on workers is 60 seconds
mapped 145840 bytes (142 KB) for 1 cores
*** Operational MODE: single process ***
added /home/python/flask/bill102/ to pythonpath.
  File "/home/python/flask/bill102/app.py", line 10
    return render_template('index.html', user_ip=ip)
    ^
IndentationError: unexpected indent
unable to load app 0 (mountpoint='') (callable not found or import error)
  File "/home/python/flask/bill102/app.py", line 10
    return render_template('index.html', user_ip=ip)
    ^
IndentationError: unexpected indent
failed to parse file /home/python/flask/bill102/app.py
unable to load app 0 (mountpoint='') (callable not found or import error)
*** no app loaded. going in full dynamic mode ***
*** uWSGI is running in multiple interpreter mode ***
gracefully (RE)spawned uWSGI master process (pid: 13136)
spawned uWSGI worker 1 (pid: 13375, cores: 1)
spawned uWSGI http 1 (pid: 13376)
Sun Jan 19 13:54:08 2020 - *** /home/python/flask/bill102 has been touched... grace them all !!! ***
gateway "uWSGI http 1" has been buried (pid: 13376)
...gracefully killing workers...
Gracefully killing worker 1 (pid: 13375)...
worker 1 buried after 1 seconds
binary reloading uWSGI...
chdir() to /home/python/flask/bill102
closing all non-uwsgi socket fds > 2 (max_fd = 1024)...
found fd 4 mapped to socket 0 (127.0.0.1:41605)
running /usr/local/bin/uwsgi
[uWSGI] getting INI configuration from bill102_uwsgi.ini
*** Starting uWSGI 2.0.18 (64bit) on [Sun Jan 19 13:54:09 2020] ***
compiled with version: 4.8.5 20150623 (Red Hat 4.8.5-39) on 08 December 2019 05:05:53
os: Linux-3.10.0-957.27.2.el7.x86_64 #1 SMP Mon Jul 29 17:46:05 UTC 2019
nodename: fushisanlang.cn
machine: x86_64
clock source: unix
pcre jit disabled
detected number of CPU cores: 1
current working directory: /home/python/flask/bill102
detected binary path: /usr/local/bin/uwsgi
your processes number limit is 7270
your memory page size is 4096 bytes
detected max file descriptor number: 1024
lock engine: pthread robust mutexes
thunder lock: disabled (you can enable it with --thunder-lock)
uWSGI http bound on 0.0.0.0:30002 fd 5
uwsgi socket 0 bound to TCP address 127.0.0.1:33467 (port auto-assigned) fd 3
Python version: 3.6.8 (default, Aug  7 2019, 17:28:10)  [GCC 4.8.5 20150623 (Red Hat 4.8.5-39)]
*** Python threads support is disabled. You can enable it with --enable-threads ***
Python main interpreter initialized at 0x246e460
your server socket listen backlog is limited to 100 connections
your mercy for graceful operations on workers is 60 seconds
mapped 145840 bytes (142 KB) for 1 cores
*** Operational MODE: single process ***
added /home/python/flask/bill102/ to pythonpath.
  File "/home/python/flask/bill102/app.py", line 10
    return render_template('index.html', user_ip=ip)
    ^
IndentationError: unexpected indent
unable to load app 0 (mountpoint='') (callable not found or import error)
  File "/home/python/flask/bill102/app.py", line 10
    return render_template('index.html', user_ip=ip)
    ^
IndentationError: unexpected indent
failed to parse file /home/python/flask/bill102/app.py
unable to load app 0 (mountpoint='') (callable not found or import error)
*** no app loaded. going in full dynamic mode ***
*** uWSGI is running in multiple interpreter mode ***
gracefully (RE)spawned uWSGI master process (pid: 13136)
spawned uWSGI worker 1 (pid: 13394, cores: 1)
spawned uWSGI http 1 (pid: 13395)
Sun Jan 19 13:54:14 2020 - *** /home/python/flask/bill102 has been touched... grace them all !!! ***
gateway "uWSGI http 1" has been buried (pid: 13395)
...gracefully killing workers...
Gracefully killing worker 1 (pid: 13394)...
worker 1 buried after 1 seconds
binary reloading uWSGI...
chdir() to /home/python/flask/bill102
closing all non-uwsgi socket fds > 2 (max_fd = 1024)...
found fd 3 mapped to socket 0 (127.0.0.1:33467)
running /usr/local/bin/uwsgi
[uWSGI] getting INI configuration from bill102_uwsgi.ini
*** Starting uWSGI 2.0.18 (64bit) on [Sun Jan 19 13:54:15 2020] ***
compiled with version: 4.8.5 20150623 (Red Hat 4.8.5-39) on 08 December 2019 05:05:53
os: Linux-3.10.0-957.27.2.el7.x86_64 #1 SMP Mon Jul 29 17:46:05 UTC 2019
nodename: fushisanlang.cn
machine: x86_64
clock source: unix
pcre jit disabled
detected number of CPU cores: 1
current working directory: /home/python/flask/bill102
detected binary path: /usr/local/bin/uwsgi
your processes number limit is 7270
your memory page size is 4096 bytes
detected max file descriptor number: 1024
lock engine: pthread robust mutexes
thunder lock: disabled (you can enable it with --thunder-lock)
uWSGI http bound on 0.0.0.0:30002 fd 5
uwsgi socket 0 bound to TCP address 127.0.0.1:43959 (port auto-assigned) fd 4
Python version: 3.6.8 (default, Aug  7 2019, 17:28:10)  [GCC 4.8.5 20150623 (Red Hat 4.8.5-39)]
*** Python threads support is disabled. You can enable it with --enable-threads ***
Python main interpreter initialized at 0x24f4460
your server socket listen backlog is limited to 100 connections
your mercy for graceful operations on workers is 60 seconds
mapped 145840 bytes (142 KB) for 1 cores
*** Operational MODE: single process ***
added /home/python/flask/bill102/ to pythonpath.
WSGI app 0 (mountpoint='') ready in 0 seconds on interpreter 0x24f4460 pid: 13136 (default app)
mountpoint  already configured. skip.
*** uWSGI is running in multiple interpreter mode ***
gracefully (RE)spawned uWSGI master process (pid: 13136)
spawned uWSGI worker 1 (pid: 13402, cores: 1)
spawned uWSGI http 1 (pid: 13403)
gateway "uWSGI http 1" has been buried (pid: 13403)
...brutally killing workers...
worker 1 buried after 1 seconds
binary reloading uWSGI...
chdir() to /home/python/flask/bill102
closing all non-uwsgi socket fds > 2 (max_fd = 1024)...
found fd 4 mapped to socket 0 (127.0.0.1:43959)
running /usr/local/bin/uwsgi
[uWSGI] getting INI configuration from bill102_uwsgi.ini
*** Starting uWSGI 2.0.18 (64bit) on [Sun Jan 19 13:54:20 2020] ***
compiled with version: 4.8.5 20150623 (Red Hat 4.8.5-39) on 08 December 2019 05:05:53
os: Linux-3.10.0-957.27.2.el7.x86_64 #1 SMP Mon Jul 29 17:46:05 UTC 2019
nodename: fushisanlang.cn
machine: x86_64
clock source: unix
pcre jit disabled
detected number of CPU cores: 1
current working directory: /home/python/flask/bill102
detected binary path: /usr/local/bin/uwsgi
your processes number limit is 7270
your memory page size is 4096 bytes
detected max file descriptor number: 1024
lock engine: pthread robust mutexes
thunder lock: disabled (you can enable it with --thunder-lock)
uWSGI http bound on 0.0.0.0:30002 fd 5
uwsgi socket 0 bound to TCP address 127.0.0.1:33588 (port auto-assigned) fd 3
Python version: 3.6.8 (default, Aug  7 2019, 17:28:10)  [GCC 4.8.5 20150623 (Red Hat 4.8.5-39)]
*** Python threads support is disabled. You can enable it with --enable-threads ***
Python main interpreter initialized at 0x102f460
your server socket listen backlog is limited to 100 connections
your mercy for graceful operations on workers is 60 seconds
mapped 145840 bytes (142 KB) for 1 cores
*** Operational MODE: single process ***
added /home/python/flask/bill102/ to pythonpath.
WSGI app 0 (mountpoint='') ready in 0 seconds on interpreter 0x102f460 pid: 13136 (default app)
mountpoint  already configured. skip.
*** uWSGI is running in multiple interpreter mode ***
gracefully (RE)spawned uWSGI master process (pid: 13136)
spawned uWSGI worker 1 (pid: 13410, cores: 1)
spawned uWSGI http 1 (pid: 13411)
Sun Jan 19 13:54:29 2020 - uWSGI worker 1 screams: UAAAAAAH my master disconnected: i will kill myself !!!
[uWSGI] getting INI configuration from bill102_uwsgi.ini
*** Starting uWSGI 2.0.18 (64bit) on [Sun Jan 19 13:54:30 2020] ***
compiled with version: 4.8.5 20150623 (Red Hat 4.8.5-39) on 08 December 2019 05:05:53
os: Linux-3.10.0-957.27.2.el7.x86_64 #1 SMP Mon Jul 29 17:46:05 UTC 2019
nodename: fushisanlang.cn
machine: x86_64
clock source: unix
pcre jit disabled
detected number of CPU cores: 1
current working directory: /home/python/flask/bill102
detected binary path: /usr/local/bin/uwsgi
your processes number limit is 7270
your memory page size is 4096 bytes
detected max file descriptor number: 1024
lock engine: pthread robust mutexes
thunder lock: disabled (you can enable it with --thunder-lock)
uWSGI http bound on 0.0.0.0:30002 fd 4
uwsgi socket 0 bound to TCP address 127.0.0.1:35477 (port auto-assigned) fd 3
Python version: 3.6.8 (default, Aug  7 2019, 17:28:10)  [GCC 4.8.5 20150623 (Red Hat 4.8.5-39)]
*** Python threads support is disabled. You can enable it with --enable-threads ***
Python main interpreter initialized at 0x1e9f4e0
your server socket listen backlog is limited to 100 connections
your mercy for graceful operations on workers is 60 seconds
mapped 145840 bytes (142 KB) for 1 cores
*** Operational MODE: single process ***
added /home/python/flask/bill102/ to pythonpath.
WSGI app 0 (mountpoint='') ready in 0 seconds on interpreter 0x1e9f4e0 pid: 13426 (default app)
mountpoint  already configured. skip.
*** uWSGI is running in multiple interpreter mode ***
spawned uWSGI master process (pid: 13426)
spawned uWSGI worker 1 (pid: 13429, cores: 1)
spawned uWSGI http 1 (pid: 13430)
[pid: 13429|app: 0|req: 1/1] 127.0.0.1 () {44 vars in 785 bytes} [Sun Jan 19 13:55:32 2020] GET / => generated 9 bytes in 10 msecs (HTTP/1.0 200) 2 headers in 78 bytes (1 switches on core 0)
[pid: 13429|app: 0|req: 2/2] 127.0.0.1 () {44 vars in 735 bytes} [Sun Jan 19 13:55:32 2020] GET /favicon.ico => generated 232 bytes in 59 msecs (HTTP/1.0 404) 2 headers in 72 bytes (1 switches on core 0)
[pid: 13429|app: 0|req: 3/3] 127.0.0.1 () {44 vars in 785 bytes} [Sun Jan 19 13:55:33 2020] GET / => generated 9 bytes in 0 msecs (HTTP/1.0 200) 2 headers in 78 bytes (1 switches on core 0)
[pid: 13429|app: 0|req: 4/4] 127.0.0.1 () {44 vars in 785 bytes} [Sun Jan 19 13:55:33 2020] GET / => generated 9 bytes in 0 msecs (HTTP/1.0 200) 2 headers in 78 bytes (1 switches on core 0)
[pid: 13429|app: 0|req: 5/5] 127.0.0.1 () {44 vars in 785 bytes} [Sun Jan 19 13:55:34 2020] GET / => generated 9 bytes in 0 msecs (HTTP/1.0 200) 2 headers in 78 bytes (1 switches on core 0)
[pid: 13429|app: 0|req: 6/6] 127.0.0.1 () {44 vars in 785 bytes} [Sun Jan 19 13:55:34 2020] GET / => generated 9 bytes in 0 msecs (HTTP/1.0 200) 2 headers in 78 bytes (1 switches on core 0)
[pid: 13429|app: 0|req: 7/7] 127.0.0.1 () {44 vars in 785 bytes} [Sun Jan 19 13:55:34 2020] GET / => generated 9 bytes in 0 msecs (HTTP/1.0 200) 2 headers in 78 bytes (1 switches on core 0)
[pid: 13429|app: 0|req: 8/8] 127.0.0.1 () {44 vars in 785 bytes} [Sun Jan 19 13:55:34 2020] GET / => generated 9 bytes in 0 msecs (HTTP/1.0 200) 2 headers in 78 bytes (1 switches on core 0)
[pid: 13429|app: 0|req: 9/9] 127.0.0.1 () {44 vars in 785 bytes} [Sun Jan 19 13:55:35 2020] GET / => generated 9 bytes in 0 msecs (HTTP/1.0 200) 2 headers in 78 bytes (1 switches on core 0)
[pid: 13429|app: 0|req: 10/10] 127.0.0.1 () {46 vars in 807 bytes} [Sun Jan 19 13:55:49 2020] GET / => generated 9 bytes in 0 msecs (HTTP/1.0 200) 2 headers in 78 bytes (1 switches on core 0)
[pid: 13429|app: 0|req: 11/11] 127.0.0.1 () {44 vars in 735 bytes} [Sun Jan 19 13:55:49 2020] GET /favicon.ico => generated 232 bytes in 1 msecs (HTTP/1.0 404) 2 headers in 72 bytes (1 switches on core 0)
[pid: 13429|app: 0|req: 12/12] 127.0.0.1 () {44 vars in 785 bytes} [Sun Jan 19 13:59:13 2020] GET / => generated 9 bytes in 0 msecs (HTTP/1.0 200) 2 headers in 78 bytes (1 switches on core 0)
[pid: 13429|app: 0|req: 13/13] 127.0.0.1 () {44 vars in 785 bytes} [Sun Jan 19 13:59:14 2020] GET / => generated 9 bytes in 0 msecs (HTTP/1.0 200) 2 headers in 78 bytes (1 switches on core 0)
[pid: 13429|app: 0|req: 14/14] 127.0.0.1 () {44 vars in 785 bytes} [Sun Jan 19 13:59:14 2020] GET / => generated 9 bytes in 0 msecs (HTTP/1.0 200) 2 headers in 78 bytes (1 switches on core 0)
[pid: 13429|app: 0|req: 15/15] 127.0.0.1 () {44 vars in 785 bytes} [Sun Jan 19 13:59:14 2020] GET / => generated 9 bytes in 0 msecs (HTTP/1.0 200) 2 headers in 78 bytes (1 switches on core 0)
[pid: 13429|app: 0|req: 16/16] 127.0.0.1 () {44 vars in 785 bytes} [Sun Jan 19 13:59:14 2020] GET / => generated 9 bytes in 0 msecs (HTTP/1.0 200) 2 headers in 78 bytes (1 switches on core 0)
[pid: 13429|app: 0|req: 17/17] 127.0.0.1 () {44 vars in 785 bytes} [Sun Jan 19 13:59:15 2020] GET / => generated 9 bytes in 0 msecs (HTTP/1.0 200) 2 headers in 78 bytes (1 switches on core 0)
[pid: 13429|app: 0|req: 18/18] 127.0.0.1 () {48 vars in 862 bytes} [Sun Jan 19 14:00:37 2020] GET / => generated 9 bytes in 0 msecs (HTTP/1.0 200) 2 headers in 78 bytes (1 switches on core 0)
[pid: 13429|app: 0|req: 19/19] 127.0.0.1 () {48 vars in 862 bytes} [Sun Jan 19 14:00:38 2020] GET / => generated 9 bytes in 0 msecs (HTTP/1.0 200) 2 headers in 78 bytes (1 switches on core 0)
[pid: 13429|app: 0|req: 20/20] 127.0.0.1 () {48 vars in 862 bytes} [Sun Jan 19 14:00:38 2020] GET / => generated 9 bytes in 0 msecs (HTTP/1.0 200) 2 headers in 78 bytes (1 switches on core 0)
[pid: 13429|app: 0|req: 21/21] 127.0.0.1 () {48 vars in 862 bytes} [Sun Jan 19 14:00:38 2020] GET / => generated 9 bytes in 0 msecs (HTTP/1.0 200) 2 headers in 78 bytes (1 switches on core 0)
[pid: 13429|app: 0|req: 22/22] 127.0.0.1 () {50 vars in 884 bytes} [Sun Jan 19 14:00:39 2020] GET / => generated 9 bytes in 0 msecs (HTTP/1.0 200) 2 headers in 78 bytes (1 switches on core 0)
[pid: 13429|app: 0|req: 23/23] 127.0.0.1 () {48 vars in 812 bytes} [Sun Jan 19 14:00:39 2020] GET /favicon.ico => generated 232 bytes in 0 msecs (HTTP/1.0 404) 2 headers in 72 bytes (1 switches on core 0)
[pid: 13429|app: 0|req: 24/24] 127.0.0.1 () {50 vars in 884 bytes} [Sun Jan 19 14:00:39 2020] GET / => generated 9 bytes in 0 msecs (HTTP/1.0 200) 2 headers in 78 bytes (1 switches on core 0)
[pid: 13429|app: 0|req: 25/25] 127.0.0.1 () {48 vars in 812 bytes} [Sun Jan 19 14:00:39 2020] GET /favicon.ico => generated 232 bytes in 0 msecs (HTTP/1.0 404) 2 headers in 72 bytes (1 switches on core 0)
[pid: 13429|app: 0|req: 26/26] 127.0.0.1 () {50 vars in 884 bytes} [Sun Jan 19 14:00:39 2020] GET / => generated 9 bytes in 0 msecs (HTTP/1.0 200) 2 headers in 78 bytes (1 switches on core 0)
[pid: 13429|app: 0|req: 27/27] 127.0.0.1 () {48 vars in 812 bytes} [Sun Jan 19 14:00:39 2020] GET /favicon.ico => generated 232 bytes in 0 msecs (HTTP/1.0 404) 2 headers in 72 bytes (1 switches on core 0)
[pid: 13429|app: 0|req: 28/28] 127.0.0.1 () {50 vars in 884 bytes} [Sun Jan 19 14:00:40 2020] GET / => generated 9 bytes in 0 msecs (HTTP/1.0 200) 2 headers in 78 bytes (1 switches on core 0)
[pid: 13429|app: 0|req: 29/29] 127.0.0.1 () {48 vars in 812 bytes} [Sun Jan 19 14:00:40 2020] GET /favicon.ico => generated 232 bytes in 0 msecs (HTTP/1.0 404) 2 headers in 72 bytes (1 switches on core 0)
[pid: 13429|app: 0|req: 30/30] 127.0.0.1 () {48 vars in 862 bytes} [Sun Jan 19 14:00:50 2020] GET / => generated 9 bytes in 0 msecs (HTTP/1.0 200) 2 headers in 78 bytes (1 switches on core 0)
[pid: 13429|app: 0|req: 31/31] 127.0.0.1 () {50 vars in 884 bytes} [Sun Jan 19 14:01:04 2020] GET / => generated 9 bytes in 0 msecs (HTTP/1.0 200) 2 headers in 78 bytes (1 switches on core 0)
[pid: 13429|app: 0|req: 32/32] 127.0.0.1 () {48 vars in 812 bytes} [Sun Jan 19 14:01:04 2020] GET /favicon.ico => generated 232 bytes in 0 msecs (HTTP/1.0 404) 2 headers in 72 bytes (1 switches on core 0)
Sun Jan 19 14:02:45 2020 - *** /home/python/flask/bill102 has been touched... grace them all !!! ***
gateway "uWSGI http 1" has been buried (pid: 13430)
...gracefully killing workers...
Gracefully killing worker 1 (pid: 13429)...
worker 1 buried after 1 seconds
binary reloading uWSGI...
chdir() to /home/python/flask/bill102
closing all non-uwsgi socket fds > 2 (max_fd = 1024)...
found fd 3 mapped to socket 0 (127.0.0.1:35477)
running /usr/local/bin/uwsgi
[uWSGI] getting INI configuration from bill102_uwsgi.ini
*** Starting uWSGI 2.0.18 (64bit) on [Sun Jan 19 14:02:46 2020] ***
compiled with version: 4.8.5 20150623 (Red Hat 4.8.5-39) on 08 December 2019 05:05:53
os: Linux-3.10.0-957.27.2.el7.x86_64 #1 SMP Mon Jul 29 17:46:05 UTC 2019
nodename: fushisanlang.cn
machine: x86_64
clock source: unix
pcre jit disabled
detected number of CPU cores: 1
current working directory: /home/python/flask/bill102
detected binary path: /usr/local/bin/uwsgi
your processes number limit is 7270
your memory page size is 4096 bytes
detected max file descriptor number: 1024
lock engine: pthread robust mutexes
thunder lock: disabled (you can enable it with --thunder-lock)
uWSGI http bound on 0.0.0.0:30002 fd 5
uwsgi socket 0 bound to TCP address 127.0.0.1:44916 (port auto-assigned) fd 4
Python version: 3.6.8 (default, Aug  7 2019, 17:28:10)  [GCC 4.8.5 20150623 (Red Hat 4.8.5-39)]
*** Python threads support is disabled. You can enable it with --enable-threads ***
Python main interpreter initialized at 0xc2c460
your server socket listen backlog is limited to 100 connections
your mercy for graceful operations on workers is 60 seconds
mapped 145840 bytes (142 KB) for 1 cores
*** Operational MODE: single process ***
added /home/python/flask/bill102/ to pythonpath.
WSGI app 0 (mountpoint='') ready in 0 seconds on interpreter 0xc2c460 pid: 13426 (default app)
mountpoint  already configured. skip.
*** uWSGI is running in multiple interpreter mode ***
gracefully (RE)spawned uWSGI master process (pid: 13426)
spawned uWSGI worker 1 (pid: 13954, cores: 1)
spawned uWSGI http 1 (pid: 13955)
Sun Jan 19 14:03:04 2020 - *** /home/python/flask/bill102 has been touched... grace them all !!! ***
gateway "uWSGI http 1" has been buried (pid: 13955)
...gracefully killing workers...
Gracefully killing worker 1 (pid: 13954)...
worker 1 buried after 1 seconds
binary reloading uWSGI...
chdir() to /home/python/flask/bill102
closing all non-uwsgi socket fds > 2 (max_fd = 1024)...
found fd 4 mapped to socket 0 (127.0.0.1:44916)
running /usr/local/bin/uwsgi
[uWSGI] getting INI configuration from bill102_uwsgi.ini
*** Starting uWSGI 2.0.18 (64bit) on [Sun Jan 19 14:03:05 2020] ***
compiled with version: 4.8.5 20150623 (Red Hat 4.8.5-39) on 08 December 2019 05:05:53
os: Linux-3.10.0-957.27.2.el7.x86_64 #1 SMP Mon Jul 29 17:46:05 UTC 2019
nodename: fushisanlang.cn
machine: x86_64
clock source: unix
pcre jit disabled
detected number of CPU cores: 1
current working directory: /home/python/flask/bill102
detected binary path: /usr/local/bin/uwsgi
your processes number limit is 7270
your memory page size is 4096 bytes
detected max file descriptor number: 1024
lock engine: pthread robust mutexes
thunder lock: disabled (you can enable it with --thunder-lock)
uWSGI http bound on 0.0.0.0:30002 fd 5
uwsgi socket 0 bound to TCP address 127.0.0.1:41566 (port auto-assigned) fd 3
Python version: 3.6.8 (default, Aug  7 2019, 17:28:10)  [GCC 4.8.5 20150623 (Red Hat 4.8.5-39)]
*** Python threads support is disabled. You can enable it with --enable-threads ***
Python main interpreter initialized at 0xfeb460
your server socket listen backlog is limited to 100 connections
your mercy for graceful operations on workers is 60 seconds
mapped 145840 bytes (142 KB) for 1 cores
*** Operational MODE: single process ***
added /home/python/flask/bill102/ to pythonpath.
WSGI app 0 (mountpoint='') ready in 0 seconds on interpreter 0xfeb460 pid: 13426 (default app)
mountpoint  already configured. skip.
*** uWSGI is running in multiple interpreter mode ***
gracefully (RE)spawned uWSGI master process (pid: 13426)
spawned uWSGI worker 1 (pid: 13973, cores: 1)
spawned uWSGI http 1 (pid: 13974)
gateway "uWSGI http 1" has been buried (pid: 13974)
...brutally killing workers...
worker 1 buried after 1 seconds
binary reloading uWSGI...
chdir() to /home/python/flask/bill102
closing all non-uwsgi socket fds > 2 (max_fd = 1024)...
found fd 3 mapped to socket 0 (127.0.0.1:41566)
running /usr/local/bin/uwsgi
[uWSGI] getting INI configuration from bill102_uwsgi.ini
*** Starting uWSGI 2.0.18 (64bit) on [Sun Jan 19 14:03:07 2020] ***
compiled with version: 4.8.5 20150623 (Red Hat 4.8.5-39) on 08 December 2019 05:05:53
os: Linux-3.10.0-957.27.2.el7.x86_64 #1 SMP Mon Jul 29 17:46:05 UTC 2019
nodename: fushisanlang.cn
machine: x86_64
clock source: unix
pcre jit disabled
detected number of CPU cores: 1
current working directory: /home/python/flask/bill102
detected binary path: /usr/local/bin/uwsgi
your processes number limit is 7270
your memory page size is 4096 bytes
detected max file descriptor number: 1024
lock engine: pthread robust mutexes
thunder lock: disabled (you can enable it with --thunder-lock)
uWSGI http bound on 0.0.0.0:30002 fd 5
uwsgi socket 0 bound to TCP address 127.0.0.1:41905 (port auto-assigned) fd 4
Python version: 3.6.8 (default, Aug  7 2019, 17:28:10)  [GCC 4.8.5 20150623 (Red Hat 4.8.5-39)]
*** Python threads support is disabled. You can enable it with --enable-threads ***
Python main interpreter initialized at 0xc4b460
your server socket listen backlog is limited to 100 connections
your mercy for graceful operations on workers is 60 seconds
mapped 145840 bytes (142 KB) for 1 cores
*** Operational MODE: single process ***
added /home/python/flask/bill102/ to pythonpath.
WSGI app 0 (mountpoint='') ready in 1 seconds on interpreter 0xc4b460 pid: 13426 (default app)
mountpoint  already configured. skip.
*** uWSGI is running in multiple interpreter mode ***
gracefully (RE)spawned uWSGI master process (pid: 13426)
spawned uWSGI worker 1 (pid: 13979, cores: 1)
spawned uWSGI http 1 (pid: 13980)
Sun Jan 19 14:03:17 2020 - uWSGI worker 1 screams: UAAAAAAH my master disconnected: i will kill myself !!!
[uWSGI] getting INI configuration from bill102_uwsgi.ini
*** Starting uWSGI 2.0.18 (64bit) on [Sun Jan 19 14:03:18 2020] ***
compiled with version: 4.8.5 20150623 (Red Hat 4.8.5-39) on 08 December 2019 05:05:53
os: Linux-3.10.0-957.27.2.el7.x86_64 #1 SMP Mon Jul 29 17:46:05 UTC 2019
nodename: fushisanlang.cn
machine: x86_64
clock source: unix
pcre jit disabled
detected number of CPU cores: 1
current working directory: /home/python/flask/bill102
detected binary path: /usr/local/bin/uwsgi
your processes number limit is 7270
your memory page size is 4096 bytes
detected max file descriptor number: 1024
lock engine: pthread robust mutexes
thunder lock: disabled (you can enable it with --thunder-lock)
uWSGI http bound on 0.0.0.0:30002 fd 4
uwsgi socket 0 bound to TCP address 127.0.0.1:35267 (port auto-assigned) fd 3
Python version: 3.6.8 (default, Aug  7 2019, 17:28:10)  [GCC 4.8.5 20150623 (Red Hat 4.8.5-39)]
*** Python threads support is disabled. You can enable it with --enable-threads ***
Python main interpreter initialized at 0x26ee4e0
your server socket listen backlog is limited to 100 connections
your mercy for graceful operations on workers is 60 seconds
mapped 145840 bytes (142 KB) for 1 cores
*** Operational MODE: single process ***
added /home/python/flask/bill102/ to pythonpath.
WSGI app 0 (mountpoint='') ready in 0 seconds on interpreter 0x26ee4e0 pid: 13989 (default app)
mountpoint  already configured. skip.
*** uWSGI is running in multiple interpreter mode ***
spawned uWSGI master process (pid: 13989)
spawned uWSGI worker 1 (pid: 13991, cores: 1)
spawned uWSGI http 1 (pid: 13992)
[pid: 13991|app: 0|req: 1/1] 127.0.0.1 () {48 vars in 862 bytes} [Sun Jan 19 14:03:24 2020] GET / => generated 60 bytes in 13 msecs (HTTP/1.0 200) 2 headers in 79 bytes (1 switches on core 0)
[pid: 13991|app: 0|req: 2/2] 127.0.0.1 () {48 vars in 862 bytes} [Sun Jan 19 14:03:26 2020] GET / => generated 60 bytes in 0 msecs (HTTP/1.0 200) 2 headers in 79 bytes (1 switches on core 0)
[pid: 13991|app: 0|req: 3/3] 127.0.0.1 () {48 vars in 862 bytes} [Sun Jan 19 14:03:26 2020] GET / => generated 60 bytes in 0 msecs (HTTP/1.0 200) 2 headers in 79 bytes (1 switches on core 0)
[pid: 13991|app: 0|req: 4/4] 127.0.0.1 () {48 vars in 862 bytes} [Sun Jan 19 14:03:27 2020] GET / => generated 60 bytes in 0 msecs (HTTP/1.0 200) 2 headers in 79 bytes (1 switches on core 0)
[pid: 13991|app: 0|req: 5/5] 114.242.249.121 () {36 vars in 684 bytes} [Sun Jan 19 14:04:48 2020] GET / => generated 61 bytes in 0 msecs (HTTP/1.1 200) 2 headers in 79 bytes (1 switches on core 0)
[pid: 13991|app: 0|req: 6/6] 114.242.249.121 () {36 vars in 631 bytes} [Sun Jan 19 14:04:48 2020] GET /favicon.ico => generated 232 bytes in 11 msecs (HTTP/1.1 404) 2 headers in 72 bytes (1 switches on core 0)
Sun Jan 19 14:04:53 2020 - *** /home/python/flask/bill102 has been touched... grace them all !!! ***
gateway "uWSGI http 1" has been buried (pid: 13992)
...gracefully killing workers...
Gracefully killing worker 1 (pid: 13991)...
worker 1 buried after 1 seconds
binary reloading uWSGI...
chdir() to /home/python/flask/bill102
closing all non-uwsgi socket fds > 2 (max_fd = 1024)...
found fd 3 mapped to socket 0 (127.0.0.1:35267)
running /usr/local/bin/uwsgi
[uWSGI] getting INI configuration from bill102_uwsgi.ini
*** Starting uWSGI 2.0.18 (64bit) on [Sun Jan 19 14:04:54 2020] ***
compiled with version: 4.8.5 20150623 (Red Hat 4.8.5-39) on 08 December 2019 05:05:53
os: Linux-3.10.0-957.27.2.el7.x86_64 #1 SMP Mon Jul 29 17:46:05 UTC 2019
nodename: fushisanlang.cn
machine: x86_64
clock source: unix
pcre jit disabled
detected number of CPU cores: 1
current working directory: /home/python/flask/bill102
detected binary path: /usr/local/bin/uwsgi
your processes number limit is 7270
your memory page size is 4096 bytes
detected max file descriptor number: 1024
lock engine: pthread robust mutexes
thunder lock: disabled (you can enable it with --thunder-lock)
uWSGI http bound on 0.0.0.0:30002 fd 5
uwsgi socket 0 bound to TCP address 127.0.0.1:36584 (port auto-assigned) fd 4
Python version: 3.6.8 (default, Aug  7 2019, 17:28:10)  [GCC 4.8.5 20150623 (Red Hat 4.8.5-39)]
*** Python threads support is disabled. You can enable it with --enable-threads ***
Python main interpreter initialized at 0x12e8460
your server socket listen backlog is limited to 100 connections
your mercy for graceful operations on workers is 60 seconds
mapped 145840 bytes (142 KB) for 1 cores
*** Operational MODE: single process ***
added /home/python/flask/bill102/ to pythonpath.
WSGI app 0 (mountpoint='') ready in 0 seconds on interpreter 0x12e8460 pid: 13989 (default app)
mountpoint  already configured. skip.
*** uWSGI is running in multiple interpreter mode ***
gracefully (RE)spawned uWSGI master process (pid: 13989)
spawned uWSGI worker 1 (pid: 14086, cores: 1)
spawned uWSGI http 1 (pid: 14087)
Sun Jan 19 14:04:57 2020 - *** /home/python/flask/bill102 has been touched... grace them all !!! ***
gateway "uWSGI http 1" has been buried (pid: 14087)
...gracefully killing workers...
Gracefully killing worker 1 (pid: 14086)...
worker 1 buried after 1 seconds
binary reloading uWSGI...
chdir() to /home/python/flask/bill102
closing all non-uwsgi socket fds > 2 (max_fd = 1024)...
found fd 4 mapped to socket 0 (127.0.0.1:36584)
running /usr/local/bin/uwsgi
[uWSGI] getting INI configuration from bill102_uwsgi.ini
*** Starting uWSGI 2.0.18 (64bit) on [Sun Jan 19 14:04:58 2020] ***
compiled with version: 4.8.5 20150623 (Red Hat 4.8.5-39) on 08 December 2019 05:05:53
os: Linux-3.10.0-957.27.2.el7.x86_64 #1 SMP Mon Jul 29 17:46:05 UTC 2019
nodename: fushisanlang.cn
machine: x86_64
clock source: unix
pcre jit disabled
detected number of CPU cores: 1
current working directory: /home/python/flask/bill102
detected binary path: /usr/local/bin/uwsgi
your processes number limit is 7270
your memory page size is 4096 bytes
detected max file descriptor number: 1024
lock engine: pthread robust mutexes
thunder lock: disabled (you can enable it with --thunder-lock)
uWSGI http bound on 0.0.0.0:30002 fd 5
uwsgi socket 0 bound to TCP address 127.0.0.1:39889 (port auto-assigned) fd 3
Python version: 3.6.8 (default, Aug  7 2019, 17:28:10)  [GCC 4.8.5 20150623 (Red Hat 4.8.5-39)]
*** Python threads support is disabled. You can enable it with --enable-threads ***
Python main interpreter initialized at 0x1943460
your server socket listen backlog is limited to 100 connections
your mercy for graceful operations on workers is 60 seconds
mapped 145840 bytes (142 KB) for 1 cores
*** Operational MODE: single process ***
added /home/python/flask/bill102/ to pythonpath.
WSGI app 0 (mountpoint='') ready in 0 seconds on interpreter 0x1943460 pid: 13989 (default app)
mountpoint  already configured. skip.
*** uWSGI is running in multiple interpreter mode ***
gracefully (RE)spawned uWSGI master process (pid: 13989)
spawned uWSGI worker 1 (pid: 14093, cores: 1)
spawned uWSGI http 1 (pid: 14094)
Sun Jan 19 14:05:08 2020 - uWSGI worker 1 screams: UAAAAAAH my master disconnected: i will kill myself !!!
[uWSGI] getting INI configuration from bill102_uwsgi.ini
*** Starting uWSGI 2.0.18 (64bit) on [Sun Jan 19 14:05:10 2020] ***
compiled with version: 4.8.5 20150623 (Red Hat 4.8.5-39) on 08 December 2019 05:05:53
os: Linux-3.10.0-957.27.2.el7.x86_64 #1 SMP Mon Jul 29 17:46:05 UTC 2019
nodename: fushisanlang.cn
machine: x86_64
clock source: unix
pcre jit disabled
detected number of CPU cores: 1
current working directory: /home/python/flask/bill102
detected binary path: /usr/local/bin/uwsgi
your processes number limit is 7270
your memory page size is 4096 bytes
detected max file descriptor number: 1024
lock engine: pthread robust mutexes
thunder lock: disabled (you can enable it with --thunder-lock)
uWSGI http bound on 0.0.0.0:30002 fd 4
uwsgi socket 0 bound to TCP address 127.0.0.1:45658 (port auto-assigned) fd 3
Python version: 3.6.8 (default, Aug  7 2019, 17:28:10)  [GCC 4.8.5 20150623 (Red Hat 4.8.5-39)]
*** Python threads support is disabled. You can enable it with --enable-threads ***
Python main interpreter initialized at 0x1a964e0
your server socket listen backlog is limited to 100 connections
your mercy for graceful operations on workers is 60 seconds
mapped 145840 bytes (142 KB) for 1 cores
*** Operational MODE: single process ***
added /home/python/flask/bill102/ to pythonpath.
WSGI app 0 (mountpoint='') ready in 0 seconds on interpreter 0x1a964e0 pid: 14104 (default app)
mountpoint  already configured. skip.
*** uWSGI is running in multiple interpreter mode ***
spawned uWSGI master process (pid: 14104)
spawned uWSGI worker 1 (pid: 14107, cores: 1)
spawned uWSGI http 1 (pid: 14108)
[pid: 14107|app: 0|req: 1/1] 114.242.249.121 () {38 vars in 715 bytes} [Sun Jan 19 14:05:13 2020] GET / => generated 15 bytes in 9 msecs (HTTP/1.1 200) 2 headers in 79 bytes (1 switches on core 0)
[pid: 14107|app: 0|req: 2/2] 114.242.249.121 () {38 vars in 715 bytes} [Sun Jan 19 14:05:13 2020] GET / => generated 15 bytes in 0 msecs (HTTP/1.1 200) 2 headers in 79 bytes (1 switches on core 0)
[pid: 14107|app: 0|req: 3/3] 114.242.249.121 () {38 vars in 715 bytes} [Sun Jan 19 14:05:14 2020] GET / => generated 15 bytes in 0 msecs (HTTP/1.1 200) 2 headers in 79 bytes (1 switches on core 0)
[pid: 14107|app: 0|req: 4/4] 114.242.249.121 () {38 vars in 715 bytes} [Sun Jan 19 14:05:14 2020] GET / => generated 15 bytes in 0 msecs (HTTP/1.1 200) 2 headers in 79 bytes (1 switches on core 0)
[pid: 14107|app: 0|req: 5/5] 114.242.249.121 () {38 vars in 715 bytes} [Sun Jan 19 14:05:14 2020] GET / => generated 15 bytes in 0 msecs (HTTP/1.1 200) 2 headers in 79 bytes (1 switches on core 0)
[pid: 14107|app: 0|req: 6/6] 114.242.249.121 () {38 vars in 715 bytes} [Sun Jan 19 14:05:14 2020] GET / => generated 15 bytes in 0 msecs (HTTP/1.1 200) 2 headers in 79 bytes (1 switches on core 0)
[pid: 14107|app: 0|req: 7/7] 114.242.249.121 () {38 vars in 715 bytes} [Sun Jan 19 14:05:15 2020] GET / => generated 15 bytes in 0 msecs (HTTP/1.1 200) 2 headers in 79 bytes (1 switches on core 0)
[pid: 14107|app: 0|req: 8/8] 114.242.249.121 () {38 vars in 715 bytes} [Sun Jan 19 14:05:15 2020] GET / => generated 15 bytes in 0 msecs (HTTP/1.1 200) 2 headers in 79 bytes (1 switches on core 0)
[pid: 14107|app: 0|req: 9/9] 114.242.249.121 () {38 vars in 715 bytes} [Sun Jan 19 14:05:15 2020] GET / => generated 15 bytes in 0 msecs (HTTP/1.1 200) 2 headers in 79 bytes (1 switches on core 0)
[pid: 14107|app: 0|req: 10/10] 127.0.0.1 () {48 vars in 861 bytes} [Sun Jan 19 14:05:17 2020] GET / => generated 9 bytes in 0 msecs (HTTP/1.0 200) 2 headers in 78 bytes (1 switches on core 0)
[pid: 14107|app: 0|req: 11/11] 127.0.0.1 () {48 vars in 861 bytes} [Sun Jan 19 14:05:17 2020] GET / => generated 9 bytes in 0 msecs (HTTP/1.0 200) 2 headers in 78 bytes (1 switches on core 0)
[pid: 14107|app: 0|req: 12/12] 127.0.0.1 () {48 vars in 862 bytes} [Sun Jan 19 14:05:18 2020] GET / => generated 9 bytes in 0 msecs (HTTP/1.0 200) 2 headers in 78 bytes (1 switches on core 0)
[pid: 14107|app: 0|req: 13/13] 127.0.0.1 () {48 vars in 862 bytes} [Sun Jan 19 14:05:18 2020] GET / => generated 9 bytes in 0 msecs (HTTP/1.0 200) 2 headers in 78 bytes (1 switches on core 0)
[pid: 14107|app: 0|req: 14/14] 127.0.0.1 () {48 vars in 862 bytes} [Sun Jan 19 14:05:18 2020] GET / => generated 9 bytes in 0 msecs (HTTP/1.0 200) 2 headers in 78 bytes (1 switches on core 0)
[pid: 14107|app: 0|req: 15/15] 114.242.249.121 () {38 vars in 715 bytes} [Sun Jan 19 14:05:20 2020] GET / => generated 15 bytes in 0 msecs (HTTP/1.1 200) 2 headers in 79 bytes (1 switches on core 0)
[pid: 14107|app: 0|req: 16/16] 127.0.0.1 () {48 vars in 862 bytes} [Sun Jan 19 14:05:22 2020] GET / => generated 9 bytes in 0 msecs (HTTP/1.0 200) 2 headers in 78 bytes (1 switches on core 0)
[pid: 14107|app: 0|req: 17/17] 114.242.249.121 () {40 vars in 527 bytes} [Sun Jan 19 14:06:10 2020] GET / => generated 15 bytes in 0 msecs (HTTP/1.1 200) 2 headers in 79 bytes (1 switches on core 0)
[pid: 14107|app: 0|req: 18/18] 127.0.0.1 () {50 vars in 897 bytes} [Sun Jan 19 14:07:32 2020] GET / => generated 9 bytes in 0 msecs (HTTP/1.0 200) 2 headers in 78 bytes (1 switches on core 0)
[pid: 14107|app: 0|req: 19/19] 127.0.0.1 () {50 vars in 897 bytes} [Sun Jan 19 14:07:33 2020] GET / => generated 9 bytes in 0 msecs (HTTP/1.0 200) 2 headers in 78 bytes (1 switches on core 0)
[pid: 14107|app: 0|req: 20/20] 127.0.0.1 () {50 vars in 897 bytes} [Sun Jan 19 14:07:33 2020] GET / => generated 9 bytes in 0 msecs (HTTP/1.0 200) 2 headers in 78 bytes (1 switches on core 0)
[pid: 14107|app: 0|req: 21/21] 127.0.0.1 () {50 vars in 897 bytes} [Sun Jan 19 14:07:33 2020] GET / => generated 9 bytes in 0 msecs (HTTP/1.0 200) 2 headers in 78 bytes (1 switches on core 0)
[pid: 14107|app: 0|req: 22/22] 127.0.0.1 () {50 vars in 897 bytes} [Sun Jan 19 14:07:34 2020] GET / => generated 9 bytes in 0 msecs (HTTP/1.0 200) 2 headers in 78 bytes (1 switches on core 0)
[pid: 14107|app: 0|req: 23/23] 127.0.0.1 () {50 vars in 897 bytes} [Sun Jan 19 14:07:34 2020] GET / => generated 9 bytes in 0 msecs (HTTP/1.0 200) 2 headers in 78 bytes (1 switches on core 0)
[pid: 14107|app: 0|req: 24/24] 127.0.0.1 () {50 vars in 897 bytes} [Sun Jan 19 14:14:45 2020] GET / => generated 9 bytes in 0 msecs (HTTP/1.0 200) 2 headers in 78 bytes (1 switches on core 0)
[pid: 14107|app: 0|req: 25/25] 127.0.0.1 () {50 vars in 897 bytes} [Sun Jan 19 14:14:45 2020] GET / => generated 9 bytes in 0 msecs (HTTP/1.0 200) 2 headers in 78 bytes (1 switches on core 0)
[pid: 14107|app: 0|req: 26/26] 127.0.0.1 () {50 vars in 897 bytes} [Sun Jan 19 14:14:46 2020] GET / => generated 9 bytes in 0 msecs (HTTP/1.0 200) 2 headers in 78 bytes (1 switches on core 0)
[pid: 14107|app: 0|req: 27/27] 114.242.249.121 () {38 vars in 715 bytes} [Sun Jan 19 14:14:47 2020] GET / => generated 15 bytes in 0 msecs (HTTP/1.1 200) 2 headers in 79 bytes (1 switches on core 0)
[pid: 14107|app: 0|req: 28/28] 114.242.249.121 () {38 vars in 715 bytes} [Sun Jan 19 14:14:48 2020] GET / => generated 15 bytes in 0 msecs (HTTP/1.1 200) 2 headers in 79 bytes (1 switches on core 0)
Sun Jan 19 14:15:40 2020 - *** /home/python/flask/bill102 has been touched... grace them all !!! ***
gateway "uWSGI http 1" has been buried (pid: 14108)
...gracefully killing workers...
Gracefully killing worker 1 (pid: 14107)...
worker 1 buried after 1 seconds
binary reloading uWSGI...
chdir() to /home/python/flask/bill102
closing all non-uwsgi socket fds > 2 (max_fd = 1024)...
found fd 3 mapped to socket 0 (127.0.0.1:45658)
running /usr/local/bin/uwsgi
[uWSGI] getting INI configuration from bill102_uwsgi.ini
*** Starting uWSGI 2.0.18 (64bit) on [Sun Jan 19 14:15:41 2020] ***
compiled with version: 4.8.5 20150623 (Red Hat 4.8.5-39) on 08 December 2019 05:05:53
os: Linux-3.10.0-957.27.2.el7.x86_64 #1 SMP Mon Jul 29 17:46:05 UTC 2019
nodename: fushisanlang.cn
machine: x86_64
clock source: unix
pcre jit disabled
detected number of CPU cores: 1
current working directory: /home/python/flask/bill102
detected binary path: /usr/local/bin/uwsgi
your processes number limit is 7270
your memory page size is 4096 bytes
detected max file descriptor number: 1024
lock engine: pthread robust mutexes
thunder lock: disabled (you can enable it with --thunder-lock)
uWSGI http bound on 0.0.0.0:30002 fd 5
uwsgi socket 0 bound to TCP address 127.0.0.1:36213 (port auto-assigned) fd 4
Python version: 3.6.8 (default, Aug  7 2019, 17:28:10)  [GCC 4.8.5 20150623 (Red Hat 4.8.5-39)]
*** Python threads support is disabled. You can enable it with --enable-threads ***
Python main interpreter initialized at 0x17e1460
your server socket listen backlog is limited to 100 connections
your mercy for graceful operations on workers is 60 seconds
mapped 145840 bytes (142 KB) for 1 cores
*** Operational MODE: single process ***
added /home/python/flask/bill102/ to pythonpath.
WSGI app 0 (mountpoint='') ready in 0 seconds on interpreter 0x17e1460 pid: 14104 (default app)
mountpoint  already configured. skip.
*** uWSGI is running in multiple interpreter mode ***
gracefully (RE)spawned uWSGI master process (pid: 14104)
spawned uWSGI worker 1 (pid: 14749, cores: 1)
spawned uWSGI http 1 (pid: 14750)
Sun Jan 19 14:16:02 2020 - *** /home/python/flask/bill102 has been touched... grace them all !!! ***
gateway "uWSGI http 1" has been buried (pid: 14750)
...gracefully killing workers...
Gracefully killing worker 1 (pid: 14749)...
worker 1 buried after 1 seconds
binary reloading uWSGI...
chdir() to /home/python/flask/bill102
closing all non-uwsgi socket fds > 2 (max_fd = 1024)...
found fd 4 mapped to socket 0 (127.0.0.1:36213)
running /usr/local/bin/uwsgi
[uWSGI] getting INI configuration from bill102_uwsgi.ini
*** Starting uWSGI 2.0.18 (64bit) on [Sun Jan 19 14:16:03 2020] ***
compiled with version: 4.8.5 20150623 (Red Hat 4.8.5-39) on 08 December 2019 05:05:53
os: Linux-3.10.0-957.27.2.el7.x86_64 #1 SMP Mon Jul 29 17:46:05 UTC 2019
nodename: fushisanlang.cn
machine: x86_64
clock source: unix
pcre jit disabled
detected number of CPU cores: 1
current working directory: /home/python/flask/bill102
detected binary path: /usr/local/bin/uwsgi
your processes number limit is 7270
your memory page size is 4096 bytes
detected max file descriptor number: 1024
lock engine: pthread robust mutexes
thunder lock: disabled (you can enable it with --thunder-lock)
uWSGI http bound on 0.0.0.0:30002 fd 5
uwsgi socket 0 bound to TCP address 127.0.0.1:38706 (port auto-assigned) fd 3
Python version: 3.6.8 (default, Aug  7 2019, 17:28:10)  [GCC 4.8.5 20150623 (Red Hat 4.8.5-39)]
*** Python threads support is disabled. You can enable it with --enable-threads ***
Python main interpreter initialized at 0x2480460
your server socket listen backlog is limited to 100 connections
your mercy for graceful operations on workers is 60 seconds
mapped 145840 bytes (142 KB) for 1 cores
*** Operational MODE: single process ***
added /home/python/flask/bill102/ to pythonpath.
WSGI app 0 (mountpoint='') ready in 1 seconds on interpreter 0x2480460 pid: 14104 (default app)
mountpoint  already configured. skip.
*** uWSGI is running in multiple interpreter mode ***
gracefully (RE)spawned uWSGI master process (pid: 14104)
spawned uWSGI worker 1 (pid: 14772, cores: 1)
spawned uWSGI http 1 (pid: 14773)
gateway "uWSGI http 1" has been buried (pid: 14773)
...brutally killing workers...
worker 1 buried after 1 seconds
binary reloading uWSGI...
chdir() to /home/python/flask/bill102
closing all non-uwsgi socket fds > 2 (max_fd = 1024)...
found fd 3 mapped to socket 0 (127.0.0.1:38706)
running /usr/local/bin/uwsgi
[uWSGI] getting INI configuration from bill102_uwsgi.ini
*** Starting uWSGI 2.0.18 (64bit) on [Sun Jan 19 14:16:05 2020] ***
compiled with version: 4.8.5 20150623 (Red Hat 4.8.5-39) on 08 December 2019 05:05:53
os: Linux-3.10.0-957.27.2.el7.x86_64 #1 SMP Mon Jul 29 17:46:05 UTC 2019
nodename: fushisanlang.cn
machine: x86_64
clock source: unix
pcre jit disabled
detected number of CPU cores: 1
current working directory: /home/python/flask/bill102
detected binary path: /usr/local/bin/uwsgi
your processes number limit is 7270
your memory page size is 4096 bytes
detected max file descriptor number: 1024
lock engine: pthread robust mutexes
thunder lock: disabled (you can enable it with --thunder-lock)
uWSGI http bound on 0.0.0.0:30002 fd 5
uwsgi socket 0 bound to TCP address 127.0.0.1:40698 (port auto-assigned) fd 4
Python version: 3.6.8 (default, Aug  7 2019, 17:28:10)  [GCC 4.8.5 20150623 (Red Hat 4.8.5-39)]
*** Python threads support is disabled. You can enable it with --enable-threads ***
Python main interpreter initialized at 0xa99460
your server socket listen backlog is limited to 100 connections
your mercy for graceful operations on workers is 60 seconds
mapped 145840 bytes (142 KB) for 1 cores
*** Operational MODE: single process ***
added /home/python/flask/bill102/ to pythonpath.
WSGI app 0 (mountpoint='') ready in 0 seconds on interpreter 0xa99460 pid: 14104 (default app)
mountpoint  already configured. skip.
*** uWSGI is running in multiple interpreter mode ***
gracefully (RE)spawned uWSGI master process (pid: 14104)
spawned uWSGI worker 1 (pid: 14776, cores: 1)
spawned uWSGI http 1 (pid: 14777)
Sun Jan 19 14:16:14 2020 - uWSGI worker 1 screams: UAAAAAAH my master disconnected: i will kill myself !!!
[uWSGI] getting INI configuration from bill102_uwsgi.ini
*** Starting uWSGI 2.0.18 (64bit) on [Sun Jan 19 14:16:15 2020] ***
compiled with version: 4.8.5 20150623 (Red Hat 4.8.5-39) on 08 December 2019 05:05:53
os: Linux-3.10.0-957.27.2.el7.x86_64 #1 SMP Mon Jul 29 17:46:05 UTC 2019
nodename: fushisanlang.cn
machine: x86_64
clock source: unix
pcre jit disabled
detected number of CPU cores: 1
current working directory: /home/python/flask/bill102
detected binary path: /usr/local/bin/uwsgi
your processes number limit is 7270
your memory page size is 4096 bytes
detected max file descriptor number: 1024
lock engine: pthread robust mutexes
thunder lock: disabled (you can enable it with --thunder-lock)
uWSGI http bound on 0.0.0.0:30002 fd 4
uwsgi socket 0 bound to TCP address 127.0.0.1:34671 (port auto-assigned) fd 3
Python version: 3.6.8 (default, Aug  7 2019, 17:28:10)  [GCC 4.8.5 20150623 (Red Hat 4.8.5-39)]
*** Python threads support is disabled. You can enable it with --enable-threads ***
Python main interpreter initialized at 0x25454e0
your server socket listen backlog is limited to 100 connections
your mercy for graceful operations on workers is 60 seconds
mapped 145840 bytes (142 KB) for 1 cores
*** Operational MODE: single process ***
added /home/python/flask/bill102/ to pythonpath.
WSGI app 0 (mountpoint='') ready in 1 seconds on interpreter 0x25454e0 pid: 14786 (default app)
mountpoint  already configured. skip.
*** uWSGI is running in multiple interpreter mode ***
spawned uWSGI master process (pid: 14786)
spawned uWSGI worker 1 (pid: 14788, cores: 1)
spawned uWSGI http 1 (pid: 14789)
[2020-01-19 14:16:21,198] ERROR in app: Exception on / [GET]
Traceback (most recent call last):
  File "/usr/local/lib/python3.6/site-packages/flask/app.py", line 2446, in wsgi_app
    response = self.full_dispatch_request()
  File "/usr/local/lib/python3.6/site-packages/flask/app.py", line 1951, in full_dispatch_request
    rv = self.handle_user_exception(e)
  File "/usr/local/lib/python3.6/site-packages/flask/app.py", line 1820, in handle_user_exception
    reraise(exc_type, exc_value, tb)
  File "/usr/local/lib/python3.6/site-packages/flask/_compat.py", line 39, in reraise
    raise value
  File "/usr/local/lib/python3.6/site-packages/flask/app.py", line 1949, in full_dispatch_request
    rv = self.dispatch_request()
  File "/usr/local/lib/python3.6/site-packages/flask/app.py", line 1935, in dispatch_request
    return self.view_functions[rule.endpoint](**req.view_args)
  File "/home/python/flask/bill102/app.py", line 9, in index
    ip = request.headers['remote_addr']
  File "/usr/local/lib/python3.6/site-packages/werkzeug/datastructures.py", line 1374, in __getitem__
    return _unicodify_header_value(self.environ["HTTP_" + key])
KeyError: 'HTTP_REMOTE_ADDR'
[pid: 14788|app: 0|req: 1/1] 114.242.249.121 () {38 vars in 715 bytes} [Sun Jan 19 14:16:21 2020] GET / => generated 290 bytes in 57 msecs (HTTP/1.1 500) 2 headers in 84 bytes (1 switches on core 0)
[2020-01-19 14:16:22,254] ERROR in app: Exception on / [GET]
Traceback (most recent call last):
  File "/usr/local/lib/python3.6/site-packages/flask/app.py", line 2446, in wsgi_app
    response = self.full_dispatch_request()
  File "/usr/local/lib/python3.6/site-packages/flask/app.py", line 1951, in full_dispatch_request
    rv = self.handle_user_exception(e)
  File "/usr/local/lib/python3.6/site-packages/flask/app.py", line 1820, in handle_user_exception
    reraise(exc_type, exc_value, tb)
  File "/usr/local/lib/python3.6/site-packages/flask/_compat.py", line 39, in reraise
    raise value
  File "/usr/local/lib/python3.6/site-packages/flask/app.py", line 1949, in full_dispatch_request
    rv = self.dispatch_request()
  File "/usr/local/lib/python3.6/site-packages/flask/app.py", line 1935, in dispatch_request
    return self.view_functions[rule.endpoint](**req.view_args)
  File "/home/python/flask/bill102/app.py", line 9, in index
    ip = request.headers['remote_addr']
  File "/usr/local/lib/python3.6/site-packages/werkzeug/datastructures.py", line 1374, in __getitem__
    return _unicodify_header_value(self.environ["HTTP_" + key])
KeyError: 'HTTP_REMOTE_ADDR'
[pid: 14788|app: 0|req: 2/2] 114.242.249.121 () {38 vars in 715 bytes} [Sun Jan 19 14:16:22 2020] GET / => generated 290 bytes in 1 msecs (HTTP/1.1 500) 2 headers in 84 bytes (1 switches on core 0)
[2020-01-19 14:16:23,694] ERROR in app: Exception on / [GET]
Traceback (most recent call last):
  File "/usr/local/lib/python3.6/site-packages/flask/app.py", line 2446, in wsgi_app
    response = self.full_dispatch_request()
  File "/usr/local/lib/python3.6/site-packages/flask/app.py", line 1951, in full_dispatch_request
    rv = self.handle_user_exception(e)
  File "/usr/local/lib/python3.6/site-packages/flask/app.py", line 1820, in handle_user_exception
    reraise(exc_type, exc_value, tb)
  File "/usr/local/lib/python3.6/site-packages/flask/_compat.py", line 39, in reraise
    raise value
  File "/usr/local/lib/python3.6/site-packages/flask/app.py", line 1949, in full_dispatch_request
    rv = self.dispatch_request()
  File "/usr/local/lib/python3.6/site-packages/flask/app.py", line 1935, in dispatch_request
    return self.view_functions[rule.endpoint](**req.view_args)
  File "/home/python/flask/bill102/app.py", line 9, in index
    ip = request.headers['remote_addr']
  File "/usr/local/lib/python3.6/site-packages/werkzeug/datastructures.py", line 1374, in __getitem__
    return _unicodify_header_value(self.environ["HTTP_" + key])
KeyError: 'HTTP_REMOTE_ADDR'
[pid: 14788|app: 0|req: 3/3] 114.242.249.121 () {38 vars in 715 bytes} [Sun Jan 19 14:16:23 2020] GET / => generated 290 bytes in 1 msecs (HTTP/1.1 500) 2 headers in 84 bytes (1 switches on core 0)
[2020-01-19 14:16:24,066] ERROR in app: Exception on / [GET]
Traceback (most recent call last):
  File "/usr/local/lib/python3.6/site-packages/flask/app.py", line 2446, in wsgi_app
    response = self.full_dispatch_request()
  File "/usr/local/lib/python3.6/site-packages/flask/app.py", line 1951, in full_dispatch_request
    rv = self.handle_user_exception(e)
  File "/usr/local/lib/python3.6/site-packages/flask/app.py", line 1820, in handle_user_exception
    reraise(exc_type, exc_value, tb)
  File "/usr/local/lib/python3.6/site-packages/flask/_compat.py", line 39, in reraise
    raise value
  File "/usr/local/lib/python3.6/site-packages/flask/app.py", line 1949, in full_dispatch_request
    rv = self.dispatch_request()
  File "/usr/local/lib/python3.6/site-packages/flask/app.py", line 1935, in dispatch_request
    return self.view_functions[rule.endpoint](**req.view_args)
  File "/home/python/flask/bill102/app.py", line 9, in index
    ip = request.headers['remote_addr']
  File "/usr/local/lib/python3.6/site-packages/werkzeug/datastructures.py", line 1374, in __getitem__
    return _unicodify_header_value(self.environ["HTTP_" + key])
KeyError: 'HTTP_REMOTE_ADDR'
[pid: 14788|app: 0|req: 4/4] 114.242.249.121 () {38 vars in 715 bytes} [Sun Jan 19 14:16:24 2020] GET / => generated 290 bytes in 1 msecs (HTTP/1.1 500) 2 headers in 84 bytes (1 switches on core 0)
[2020-01-19 14:16:24,244] ERROR in app: Exception on / [GET]
Traceback (most recent call last):
  File "/usr/local/lib/python3.6/site-packages/flask/app.py", line 2446, in wsgi_app
    response = self.full_dispatch_request()
  File "/usr/local/lib/python3.6/site-packages/flask/app.py", line 1951, in full_dispatch_request
    rv = self.handle_user_exception(e)
  File "/usr/local/lib/python3.6/site-packages/flask/app.py", line 1820, in handle_user_exception
    reraise(exc_type, exc_value, tb)
  File "/usr/local/lib/python3.6/site-packages/flask/_compat.py", line 39, in reraise
    raise value
  File "/usr/local/lib/python3.6/site-packages/flask/app.py", line 1949, in full_dispatch_request
    rv = self.dispatch_request()
  File "/usr/local/lib/python3.6/site-packages/flask/app.py", line 1935, in dispatch_request
    return self.view_functions[rule.endpoint](**req.view_args)
  File "/home/python/flask/bill102/app.py", line 9, in index
    ip = request.headers['remote_addr']
  File "/usr/local/lib/python3.6/site-packages/werkzeug/datastructures.py", line 1374, in __getitem__
    return _unicodify_header_value(self.environ["HTTP_" + key])
KeyError: 'HTTP_REMOTE_ADDR'
[pid: 14788|app: 0|req: 5/5] 114.242.249.121 () {38 vars in 715 bytes} [Sun Jan 19 14:16:24 2020] GET / => generated 290 bytes in 1 msecs (HTTP/1.1 500) 2 headers in 84 bytes (1 switches on core 0)
[2020-01-19 14:16:25,964] ERROR in app: Exception on / [GET]
Traceback (most recent call last):
  File "/usr/local/lib/python3.6/site-packages/flask/app.py", line 2446, in wsgi_app
    response = self.full_dispatch_request()
  File "/usr/local/lib/python3.6/site-packages/flask/app.py", line 1951, in full_dispatch_request
    rv = self.handle_user_exception(e)
  File "/usr/local/lib/python3.6/site-packages/flask/app.py", line 1820, in handle_user_exception
    reraise(exc_type, exc_value, tb)
  File "/usr/local/lib/python3.6/site-packages/flask/_compat.py", line 39, in reraise
    raise value
  File "/usr/local/lib/python3.6/site-packages/flask/app.py", line 1949, in full_dispatch_request
    rv = self.dispatch_request()
  File "/usr/local/lib/python3.6/site-packages/flask/app.py", line 1935, in dispatch_request
    return self.view_functions[rule.endpoint](**req.view_args)
  File "/home/python/flask/bill102/app.py", line 9, in index
    ip = request.headers['remote_addr']
  File "/usr/local/lib/python3.6/site-packages/werkzeug/datastructures.py", line 1374, in __getitem__
    return _unicodify_header_value(self.environ["HTTP_" + key])
KeyError: 'HTTP_REMOTE_ADDR'
[pid: 14788|app: 0|req: 6/6] 127.0.0.1 () {50 vars in 897 bytes} [Sun Jan 19 14:16:25 2020] GET / => generated 290 bytes in 1 msecs (HTTP/1.0 500) 2 headers in 84 bytes (1 switches on core 0)
Sun Jan 19 14:16:44 2020 - *** /home/python/flask/bill102 has been touched... grace them all !!! ***
gateway "uWSGI http 1" has been buried (pid: 14789)
...gracefully killing workers...
Gracefully killing worker 1 (pid: 14788)...
worker 1 buried after 1 seconds
binary reloading uWSGI...
chdir() to /home/python/flask/bill102
closing all non-uwsgi socket fds > 2 (max_fd = 1024)...
found fd 3 mapped to socket 0 (127.0.0.1:34671)
running /usr/local/bin/uwsgi
[uWSGI] getting INI configuration from bill102_uwsgi.ini
*** Starting uWSGI 2.0.18 (64bit) on [Sun Jan 19 14:16:45 2020] ***
compiled with version: 4.8.5 20150623 (Red Hat 4.8.5-39) on 08 December 2019 05:05:53
os: Linux-3.10.0-957.27.2.el7.x86_64 #1 SMP Mon Jul 29 17:46:05 UTC 2019
nodename: fushisanlang.cn
machine: x86_64
clock source: unix
pcre jit disabled
detected number of CPU cores: 1
current working directory: /home/python/flask/bill102
detected binary path: /usr/local/bin/uwsgi
your processes number limit is 7270
your memory page size is 4096 bytes
detected max file descriptor number: 1024
lock engine: pthread robust mutexes
thunder lock: disabled (you can enable it with --thunder-lock)
uWSGI http bound on 0.0.0.0:30002 fd 5
uwsgi socket 0 bound to TCP address 127.0.0.1:34840 (port auto-assigned) fd 4
Python version: 3.6.8 (default, Aug  7 2019, 17:28:10)  [GCC 4.8.5 20150623 (Red Hat 4.8.5-39)]
*** Python threads support is disabled. You can enable it with --enable-threads ***
Python main interpreter initialized at 0xf91460
your server socket listen backlog is limited to 100 connections
your mercy for graceful operations on workers is 60 seconds
mapped 145840 bytes (142 KB) for 1 cores
*** Operational MODE: single process ***
added /home/python/flask/bill102/ to pythonpath.
WSGI app 0 (mountpoint='') ready in 0 seconds on interpreter 0xf91460 pid: 14786 (default app)
mountpoint  already configured. skip.
*** uWSGI is running in multiple interpreter mode ***
gracefully (RE)spawned uWSGI master process (pid: 14786)
spawned uWSGI worker 1 (pid: 14822, cores: 1)
spawned uWSGI http 1 (pid: 14823)
Sun Jan 19 14:16:53 2020 - *** /home/python/flask/bill102 has been touched... grace them all !!! ***
gateway "uWSGI http 1" has been buried (pid: 14823)
...gracefully killing workers...
Gracefully killing worker 1 (pid: 14822)...
worker 1 buried after 1 seconds
binary reloading uWSGI...
chdir() to /home/python/flask/bill102
closing all non-uwsgi socket fds > 2 (max_fd = 1024)...
found fd 4 mapped to socket 0 (127.0.0.1:34840)
running /usr/local/bin/uwsgi
[uWSGI] getting INI configuration from bill102_uwsgi.ini
*** Starting uWSGI 2.0.18 (64bit) on [Sun Jan 19 14:16:54 2020] ***
compiled with version: 4.8.5 20150623 (Red Hat 4.8.5-39) on 08 December 2019 05:05:53
os: Linux-3.10.0-957.27.2.el7.x86_64 #1 SMP Mon Jul 29 17:46:05 UTC 2019
nodename: fushisanlang.cn
machine: x86_64
clock source: unix
pcre jit disabled
detected number of CPU cores: 1
current working directory: /home/python/flask/bill102
detected binary path: /usr/local/bin/uwsgi
your processes number limit is 7270
your memory page size is 4096 bytes
detected max file descriptor number: 1024
lock engine: pthread robust mutexes
thunder lock: disabled (you can enable it with --thunder-lock)
uWSGI http bound on 0.0.0.0:30002 fd 5
uwsgi socket 0 bound to TCP address 127.0.0.1:40175 (port auto-assigned) fd 3
Python version: 3.6.8 (default, Aug  7 2019, 17:28:10)  [GCC 4.8.5 20150623 (Red Hat 4.8.5-39)]
*** Python threads support is disabled. You can enable it with --enable-threads ***
Python main interpreter initialized at 0x120c460
your server socket listen backlog is limited to 100 connections
your mercy for graceful operations on workers is 60 seconds
mapped 145840 bytes (142 KB) for 1 cores
*** Operational MODE: single process ***
added /home/python/flask/bill102/ to pythonpath.
WSGI app 0 (mountpoint='') ready in 0 seconds on interpreter 0x120c460 pid: 14786 (default app)
mountpoint  already configured. skip.
*** uWSGI is running in multiple interpreter mode ***
gracefully (RE)spawned uWSGI master process (pid: 14786)
spawned uWSGI worker 1 (pid: 14834, cores: 1)
spawned uWSGI http 1 (pid: 14835)
Sun Jan 19 14:16:55 2020 - *** /home/python/flask/bill102 has been touched... grace them all !!! ***
gateway "uWSGI http 1" has been buried (pid: 14835)
...gracefully killing workers...
Gracefully killing worker 1 (pid: 14834)...
worker 1 buried after 1 seconds
binary reloading uWSGI...
chdir() to /home/python/flask/bill102
closing all non-uwsgi socket fds > 2 (max_fd = 1024)...
found fd 3 mapped to socket 0 (127.0.0.1:40175)
running /usr/local/bin/uwsgi
[uWSGI] getting INI configuration from bill102_uwsgi.ini
*** Starting uWSGI 2.0.18 (64bit) on [Sun Jan 19 14:16:56 2020] ***
compiled with version: 4.8.5 20150623 (Red Hat 4.8.5-39) on 08 December 2019 05:05:53
os: Linux-3.10.0-957.27.2.el7.x86_64 #1 SMP Mon Jul 29 17:46:05 UTC 2019
nodename: fushisanlang.cn
machine: x86_64
clock source: unix
pcre jit disabled
detected number of CPU cores: 1
current working directory: /home/python/flask/bill102
detected binary path: /usr/local/bin/uwsgi
your processes number limit is 7270
your memory page size is 4096 bytes
detected max file descriptor number: 1024
lock engine: pthread robust mutexes
thunder lock: disabled (you can enable it with --thunder-lock)
uWSGI http bound on 0.0.0.0:30002 fd 5
uwsgi socket 0 bound to TCP address 127.0.0.1:40215 (port auto-assigned) fd 4
Python version: 3.6.8 (default, Aug  7 2019, 17:28:10)  [GCC 4.8.5 20150623 (Red Hat 4.8.5-39)]
*** Python threads support is disabled. You can enable it with --enable-threads ***
Python main interpreter initialized at 0x1ffa460
your server socket listen backlog is limited to 100 connections
your mercy for graceful operations on workers is 60 seconds
mapped 145840 bytes (142 KB) for 1 cores
*** Operational MODE: single process ***
added /home/python/flask/bill102/ to pythonpath.
WSGI app 0 (mountpoint='') ready in 0 seconds on interpreter 0x1ffa460 pid: 14786 (default app)
mountpoint  already configured. skip.
*** uWSGI is running in multiple interpreter mode ***
gracefully (RE)spawned uWSGI master process (pid: 14786)
spawned uWSGI worker 1 (pid: 14839, cores: 1)
spawned uWSGI http 1 (pid: 14840)
Sun Jan 19 14:17:02 2020 - *** /home/python/flask/bill102 has been touched... grace them all !!! ***
gateway "uWSGI http 1" has been buried (pid: 14840)
...gracefully killing workers...
Gracefully killing worker 1 (pid: 14839)...
worker 1 buried after 1 seconds
binary reloading uWSGI...
chdir() to /home/python/flask/bill102
closing all non-uwsgi socket fds > 2 (max_fd = 1024)...
found fd 4 mapped to socket 0 (127.0.0.1:40215)
running /usr/local/bin/uwsgi
[uWSGI] getting INI configuration from bill102_uwsgi.ini
*** Starting uWSGI 2.0.18 (64bit) on [Sun Jan 19 14:17:03 2020] ***
compiled with version: 4.8.5 20150623 (Red Hat 4.8.5-39) on 08 December 2019 05:05:53
os: Linux-3.10.0-957.27.2.el7.x86_64 #1 SMP Mon Jul 29 17:46:05 UTC 2019
nodename: fushisanlang.cn
machine: x86_64
clock source: unix
pcre jit disabled
detected number of CPU cores: 1
current working directory: /home/python/flask/bill102
detected binary path: /usr/local/bin/uwsgi
your processes number limit is 7270
your memory page size is 4096 bytes
detected max file descriptor number: 1024
lock engine: pthread robust mutexes
thunder lock: disabled (you can enable it with --thunder-lock)
uWSGI http bound on 0.0.0.0:30002 fd 5
uwsgi socket 0 bound to TCP address 127.0.0.1:40253 (port auto-assigned) fd 3
Python version: 3.6.8 (default, Aug  7 2019, 17:28:10)  [GCC 4.8.5 20150623 (Red Hat 4.8.5-39)]
*** Python threads support is disabled. You can enable it with --enable-threads ***
Python main interpreter initialized at 0x17d0460
your server socket listen backlog is limited to 100 connections
your mercy for graceful operations on workers is 60 seconds
mapped 145840 bytes (142 KB) for 1 cores
*** Operational MODE: single process ***
added /home/python/flask/bill102/ to pythonpath.
  File "/home/python/flask/bill102/app.py", line 9
    ip = request.headers[]
                         ^
SyntaxError: invalid syntax
unable to load app 0 (mountpoint='') (callable not found or import error)
  File "/home/python/flask/bill102/app.py", line 9
    ip = request.headers[]
                         ^
SyntaxError: invalid syntax
failed to parse file /home/python/flask/bill102/app.py
unable to load app 0 (mountpoint='') (callable not found or import error)
*** no app loaded. going in full dynamic mode ***
*** uWSGI is running in multiple interpreter mode ***
gracefully (RE)spawned uWSGI master process (pid: 14786)
spawned uWSGI worker 1 (pid: 14847, cores: 1)
spawned uWSGI http 1 (pid: 14848)
gateway "uWSGI http 1" has been buried (pid: 14848)
...brutally killing workers...
worker 1 buried after 1 seconds
binary reloading uWSGI...
chdir() to /home/python/flask/bill102
closing all non-uwsgi socket fds > 2 (max_fd = 1024)...
found fd 3 mapped to socket 0 (127.0.0.1:40253)
running /usr/local/bin/uwsgi
[uWSGI] getting INI configuration from bill102_uwsgi.ini
*** Starting uWSGI 2.0.18 (64bit) on [Sun Jan 19 14:17:05 2020] ***
compiled with version: 4.8.5 20150623 (Red Hat 4.8.5-39) on 08 December 2019 05:05:53
os: Linux-3.10.0-957.27.2.el7.x86_64 #1 SMP Mon Jul 29 17:46:05 UTC 2019
nodename: fushisanlang.cn
machine: x86_64
clock source: unix
pcre jit disabled
detected number of CPU cores: 1
current working directory: /home/python/flask/bill102
detected binary path: /usr/local/bin/uwsgi
your processes number limit is 7270
your memory page size is 4096 bytes
detected max file descriptor number: 1024
lock engine: pthread robust mutexes
thunder lock: disabled (you can enable it with --thunder-lock)
uWSGI http bound on 0.0.0.0:30002 fd 5
uwsgi socket 0 bound to TCP address 127.0.0.1:36668 (port auto-assigned) fd 4
Python version: 3.6.8 (default, Aug  7 2019, 17:28:10)  [GCC 4.8.5 20150623 (Red Hat 4.8.5-39)]
*** Python threads support is disabled. You can enable it with --enable-threads ***
Python main interpreter initialized at 0x1147460
your server socket listen backlog is limited to 100 connections
your mercy for graceful operations on workers is 60 seconds
mapped 145840 bytes (142 KB) for 1 cores
*** Operational MODE: single process ***
added /home/python/flask/bill102/ to pythonpath.
  File "/home/python/flask/bill102/app.py", line 9
    ip = request.headers[]
                         ^
SyntaxError: invalid syntax
unable to load app 0 (mountpoint='') (callable not found or import error)
  File "/home/python/flask/bill102/app.py", line 9
    ip = request.headers[]
                         ^
SyntaxError: invalid syntax
failed to parse file /home/python/flask/bill102/app.py
unable to load app 0 (mountpoint='') (callable not found or import error)
*** no app loaded. going in full dynamic mode ***
*** uWSGI is running in multiple interpreter mode ***
gracefully (RE)spawned uWSGI master process (pid: 14786)
spawned uWSGI worker 1 (pid: 14852, cores: 1)
spawned uWSGI http 1 (pid: 14853)
Sun Jan 19 14:17:14 2020 - uWSGI worker 1 screams: UAAAAAAH my master disconnected: i will kill myself !!!
[uWSGI] getting INI configuration from bill102_uwsgi.ini
*** Starting uWSGI 2.0.18 (64bit) on [Sun Jan 19 14:17:15 2020] ***
compiled with version: 4.8.5 20150623 (Red Hat 4.8.5-39) on 08 December 2019 05:05:53
os: Linux-3.10.0-957.27.2.el7.x86_64 #1 SMP Mon Jul 29 17:46:05 UTC 2019
nodename: fushisanlang.cn
machine: x86_64
clock source: unix
pcre jit disabled
detected number of CPU cores: 1
current working directory: /home/python/flask/bill102
detected binary path: /usr/local/bin/uwsgi
your processes number limit is 7270
your memory page size is 4096 bytes
detected max file descriptor number: 1024
lock engine: pthread robust mutexes
thunder lock: disabled (you can enable it with --thunder-lock)
uWSGI http bound on 0.0.0.0:30002 fd 4
uwsgi socket 0 bound to TCP address 127.0.0.1:35497 (port auto-assigned) fd 3
Python version: 3.6.8 (default, Aug  7 2019, 17:28:10)  [GCC 4.8.5 20150623 (Red Hat 4.8.5-39)]
*** Python threads support is disabled. You can enable it with --enable-threads ***
Python main interpreter initialized at 0x266d4e0
your server socket listen backlog is limited to 100 connections
your mercy for graceful operations on workers is 60 seconds
mapped 145840 bytes (142 KB) for 1 cores
*** Operational MODE: single process ***
added /home/python/flask/bill102/ to pythonpath.
  File "/home/python/flask/bill102/app.py", line 9
    ip = request.headers[]
                         ^
SyntaxError: invalid syntax
unable to load app 0 (mountpoint='') (callable not found or import error)
  File "/home/python/flask/bill102/app.py", line 9
    ip = request.headers[]
                         ^
SyntaxError: invalid syntax
failed to parse file /home/python/flask/bill102/app.py
unable to load app 0 (mountpoint='') (callable not found or import error)
*** no app loaded. going in full dynamic mode ***
*** uWSGI is running in multiple interpreter mode ***
spawned uWSGI master process (pid: 14862)
spawned uWSGI worker 1 (pid: 14863, cores: 1)
spawned uWSGI http 1 (pid: 14864)
--- no python application found, check your startup logs for errors ---
[pid: 14863|app: -1|req: -1/1] 127.0.0.1 () {50 vars in 897 bytes} [Sun Jan 19 14:17:21 2020] GET / => generated 21 bytes in 0 msecs (HTTP/1.0 500) 2 headers in 83 bytes (0 switches on core 0)
--- no python application found, check your startup logs for errors ---
[pid: 14863|app: -1|req: -1/2] 127.0.0.1 () {50 vars in 897 bytes} [Sun Jan 19 14:17:22 2020] GET / => generated 21 bytes in 0 msecs (HTTP/1.0 500) 2 headers in 83 bytes (0 switches on core 0)
--- no python application found, check your startup logs for errors ---
[pid: 14863|app: -1|req: -1/3] 114.242.249.121 () {38 vars in 715 bytes} [Sun Jan 19 14:17:24 2020] GET / => generated 21 bytes in 0 msecs (HTTP/1.1 500) 2 headers in 83 bytes (0 switches on core 0)
Sun Jan 19 14:17:54 2020 - *** /home/python/flask/bill102 has been touched... grace them all !!! ***
gateway "uWSGI http 1" has been buried (pid: 14864)
...gracefully killing workers...
Gracefully killing worker 1 (pid: 14863)...
worker 1 buried after 1 seconds
binary reloading uWSGI...
chdir() to /home/python/flask/bill102
closing all non-uwsgi socket fds > 2 (max_fd = 1024)...
found fd 3 mapped to socket 0 (127.0.0.1:35497)
running /usr/local/bin/uwsgi
[uWSGI] getting INI configuration from bill102_uwsgi.ini
*** Starting uWSGI 2.0.18 (64bit) on [Sun Jan 19 14:17:55 2020] ***
compiled with version: 4.8.5 20150623 (Red Hat 4.8.5-39) on 08 December 2019 05:05:53
os: Linux-3.10.0-957.27.2.el7.x86_64 #1 SMP Mon Jul 29 17:46:05 UTC 2019
nodename: fushisanlang.cn
machine: x86_64
clock source: unix
pcre jit disabled
detected number of CPU cores: 1
current working directory: /home/python/flask/bill102
detected binary path: /usr/local/bin/uwsgi
your processes number limit is 7270
your memory page size is 4096 bytes
detected max file descriptor number: 1024
lock engine: pthread robust mutexes
thunder lock: disabled (you can enable it with --thunder-lock)
uWSGI http bound on 0.0.0.0:30002 fd 5
uwsgi socket 0 bound to TCP address 127.0.0.1:33637 (port auto-assigned) fd 4
Python version: 3.6.8 (default, Aug  7 2019, 17:28:10)  [GCC 4.8.5 20150623 (Red Hat 4.8.5-39)]
*** Python threads support is disabled. You can enable it with --enable-threads ***
Python main interpreter initialized at 0x2367460
your server socket listen backlog is limited to 100 connections
your mercy for graceful operations on workers is 60 seconds
mapped 145840 bytes (142 KB) for 1 cores
*** Operational MODE: single process ***
added /home/python/flask/bill102/ to pythonpath.
  File "/home/python/flask/bill102/app.py", line 9
    ip = request.headers[]
                         ^
SyntaxError: invalid syntax
unable to load app 0 (mountpoint='') (callable not found or import error)
  File "/home/python/flask/bill102/app.py", line 9
    ip = request.headers[]
                         ^
SyntaxError: invalid syntax
failed to parse file /home/python/flask/bill102/app.py
unable to load app 0 (mountpoint='') (callable not found or import error)
*** no app loaded. going in full dynamic mode ***
*** uWSGI is running in multiple interpreter mode ***
gracefully (RE)spawned uWSGI master process (pid: 14862)
spawned uWSGI worker 1 (pid: 14905, cores: 1)
spawned uWSGI http 1 (pid: 14906)
Sun Jan 19 14:17:56 2020 - *** /home/python/flask/bill102 has been touched... grace them all !!! ***
gateway "uWSGI http 1" has been buried (pid: 14906)
...gracefully killing workers...
Gracefully killing worker 1 (pid: 14905)...
worker 1 buried after 1 seconds
binary reloading uWSGI...
chdir() to /home/python/flask/bill102
closing all non-uwsgi socket fds > 2 (max_fd = 1024)...
found fd 4 mapped to socket 0 (127.0.0.1:33637)
running /usr/local/bin/uwsgi
[uWSGI] getting INI configuration from bill102_uwsgi.ini
*** Starting uWSGI 2.0.18 (64bit) on [Sun Jan 19 14:17:57 2020] ***
compiled with version: 4.8.5 20150623 (Red Hat 4.8.5-39) on 08 December 2019 05:05:53
os: Linux-3.10.0-957.27.2.el7.x86_64 #1 SMP Mon Jul 29 17:46:05 UTC 2019
nodename: fushisanlang.cn
machine: x86_64
clock source: unix
pcre jit disabled
detected number of CPU cores: 1
current working directory: /home/python/flask/bill102
detected binary path: /usr/local/bin/uwsgi
your processes number limit is 7270
your memory page size is 4096 bytes
detected max file descriptor number: 1024
lock engine: pthread robust mutexes
thunder lock: disabled (you can enable it with --thunder-lock)
uWSGI http bound on 0.0.0.0:30002 fd 5
uwsgi socket 0 bound to TCP address 127.0.0.1:38059 (port auto-assigned) fd 3
Python version: 3.6.8 (default, Aug  7 2019, 17:28:10)  [GCC 4.8.5 20150623 (Red Hat 4.8.5-39)]
*** Python threads support is disabled. You can enable it with --enable-threads ***
Python main interpreter initialized at 0xa57460
your server socket listen backlog is limited to 100 connections
your mercy for graceful operations on workers is 60 seconds
mapped 145840 bytes (142 KB) for 1 cores
*** Operational MODE: single process ***
added /home/python/flask/bill102/ to pythonpath.
  File "/home/python/flask/bill102/app.py", line 9
    ip = request.headers[]
                         ^
SyntaxError: invalid syntax
unable to load app 0 (mountpoint='') (callable not found or import error)
  File "/home/python/flask/bill102/app.py", line 9
    ip = request.headers[]
                         ^
SyntaxError: invalid syntax
failed to parse file /home/python/flask/bill102/app.py
unable to load app 0 (mountpoint='') (callable not found or import error)
*** no app loaded. going in full dynamic mode ***
*** uWSGI is running in multiple interpreter mode ***
gracefully (RE)spawned uWSGI master process (pid: 14862)
spawned uWSGI worker 1 (pid: 14909, cores: 1)
spawned uWSGI http 1 (pid: 14910)
gateway "uWSGI http 1" has been buried (pid: 14910)
...brutally killing workers...
worker 1 buried after 1 seconds
binary reloading uWSGI...
chdir() to /home/python/flask/bill102
closing all non-uwsgi socket fds > 2 (max_fd = 1024)...
found fd 3 mapped to socket 0 (127.0.0.1:38059)
running /usr/local/bin/uwsgi
[uWSGI] getting INI configuration from bill102_uwsgi.ini
*** Starting uWSGI 2.0.18 (64bit) on [Sun Jan 19 14:18:02 2020] ***
compiled with version: 4.8.5 20150623 (Red Hat 4.8.5-39) on 08 December 2019 05:05:53
os: Linux-3.10.0-957.27.2.el7.x86_64 #1 SMP Mon Jul 29 17:46:05 UTC 2019
nodename: fushisanlang.cn
machine: x86_64
clock source: unix
pcre jit disabled
detected number of CPU cores: 1
current working directory: /home/python/flask/bill102
detected binary path: /usr/local/bin/uwsgi
your processes number limit is 7270
your memory page size is 4096 bytes
detected max file descriptor number: 1024
lock engine: pthread robust mutexes
thunder lock: disabled (you can enable it with --thunder-lock)
uWSGI http bound on 0.0.0.0:30002 fd 5
uwsgi socket 0 bound to TCP address 127.0.0.1:44091 (port auto-assigned) fd 4
Python version: 3.6.8 (default, Aug  7 2019, 17:28:10)  [GCC 4.8.5 20150623 (Red Hat 4.8.5-39)]
*** Python threads support is disabled. You can enable it with --enable-threads ***
Python main interpreter initialized at 0x8a3460
your server socket listen backlog is limited to 100 connections
your mercy for graceful operations on workers is 60 seconds
mapped 145840 bytes (142 KB) for 1 cores
*** Operational MODE: single process ***
added /home/python/flask/bill102/ to pythonpath.
  File "/home/python/flask/bill102/app.py", line 9
    ip = request.headers[]
                         ^
SyntaxError: invalid syntax
unable to load app 0 (mountpoint='') (callable not found or import error)
  File "/home/python/flask/bill102/app.py", line 9
    ip = request.headers[]
                         ^
SyntaxError: invalid syntax
failed to parse file /home/python/flask/bill102/app.py
unable to load app 0 (mountpoint='') (callable not found or import error)
*** no app loaded. going in full dynamic mode ***
*** uWSGI is running in multiple interpreter mode ***
gracefully (RE)spawned uWSGI master process (pid: 14862)
spawned uWSGI worker 1 (pid: 14916, cores: 1)
spawned uWSGI http 1 (pid: 14917)
Sun Jan 19 14:18:11 2020 - uWSGI worker 1 screams: UAAAAAAH my master disconnected: i will kill myself !!!
